#
# A fatal error has been detected by the Java Runtime Environment:
#
#  SIGSEGV (0xb) at pc=0x00007f4cc106ddfa, pid=8230, tid=139967590180608
#
# JRE version: OpenJDK Runtime Environment (8.0_91-b14) (build 1.8.0_91-8u91-b14-0ubuntu4~14.04-b14)
# Java VM: OpenJDK 64-Bit Server VM (25.91-b14 mixed mode linux-amd64 compressed oops)
# Problematic frame:
# V  [libjvm.so+0x8c6dfa]
#
# Failed to write core dump. Core dumps have been disabled. To enable core dumping, try "ulimit -c unlimited" before starting Java again
#
# If you would like to submit a bug report, please visit:
#   http://bugreport.java.com/bugreport/crash.jsp
#

---------------  T H R E A D  ---------------

Current thread (0x00007f4cb801f000):  GCTaskThread [stack: 0x00007f4cbe6e2000,0x00007f4cbe7e3000] [id=8233]

siginfo: si_signo: 11 (SIGSEGV), si_code: 1 (SEGV_MAPERR), si_addr: 0x0000000000000000

Registers:
RAX=0x0000000000000000, RBX=0x00000000f3a961d8, RCX=0x00000000fbb1c013, RDX=0x0000000000000001
RSP=0x00007f4cbe7e1c20, RBP=0x00007f4cbe7e1c80, RSI=0x00000000f3a961d8, RDI=0x00000000fbb1c010
R8 =0x0000000000000005, R9 =0x00007f4cb801b068, R10=0x0000000000008000, R11=0x00000000fbb24000
R12=0x0000000000000009, R13=0x0000000000000000, R14=0x00007f4cb8070c00, R15=0x00000000fbb1c010
RIP=0x00007f4cc106ddfa, EFLAGS=0x0000000000010246, CSGSFS=0x0000000000000033, ERR=0x0000000000000004
  TRAPNO=0x000000000000000e

Top of Stack: (sp=0x00007f4cbe7e1c20)
0x00007f4cbe7e1c20:   00007f4cc1636cc8 00007f4cbe7e1ce0
0x00007f4cbe7e1c30:   00007f4cbe7e1c80 0000000000000005
0x00007f4cbe7e1c40:   00000000fbb1c010 0000000000001000
0x00007f4cbe7e1c50:   00007f4cc1699894 00007f4cb8070c00
0x00007f4cbe7e1c60:   00000000fbb1bfd4 0000000000000000
0x00007f4cbe7e1c70:   00007f4cb8070c98 00007f4cc1647ad0
0x00007f4cbe7e1c80:   00007f4cbe7e1cf0 00007f4cc106d308
0x00007f4cbe7e1c90:   00007f4cbe7e1cf0 00007f4cb8070c68
0x00007f4cbe7e1ca0:   00007f4cbe7e1cf0 00007f4cc0dab30e
0x00007f4cbe7e1cb0:   0000000000000000 00000000c01e8bf8
0x00007f4cbe7e1cc0:   00007f4cb8020528 00000000c01e8c00
0x00007f4cbe7e1cd0:   00007f4cbe939f46 00007f4cb801ae40
0x00007f4cbe7e1ce0:   00007f4cbe939f81 00007f4cbe939f46
0x00007f4cbe7e1cf0:   00007f4cbe7e1d90 00007f4cc0b7824f
0x00007f4cbe7e1d00:   00007f4cbe939f80 00007f4cbe939f01
0x00007f4cbe7e1d10:   0000000000000100 0000000000000000
0x00007f4cbe7e1d20:   00000000c3c842a8 00007f4cbe93a000
0x00007f4cbe7e1d30:   00000000c01f00e0 00007f4cbe957422
0x00007f4cbe7e1d40:   00000000c01e8c20 00007f4cb8070c00
0x00007f4cbe7e1d50:   00007f4cbe939f46 00007f4cb801ab80
0x00007f4cbe7e1d60:   00007f4cbe7e1d90 00007f4cb8023620
0x00007f4cbe7e1d70:   00007f4cb8070c00 00007f4cc1210876
0x00007f4cbe7e1d80:   00007f4cb801f000 00007f4cc16663b8
0x00007f4cbe7e1d90:   00007f4cbe7e1dc0 00007f4cc1070fbb
0x00007f4cbe7e1da0:   0000000000000002 00007f4c981e1300
0x00007f4cbe7e1db0:   0000000000000001 00007f4cb8023620
0x00007f4cbe7e1dc0:   00007f4cbe7e1ed0 00007f4cc0d2f3c2
0x00007f4cbe7e1dd0:   00000000000003d8 00007f4cb801fdb8
0x00007f4cbe7e1de0:   00007f4cb801f9e0 00007f4cbe7e1e60
0x00007f4cbe7e1df0:   00007f4cb801f990 00007f4cb801f9d0
0x00007f4cbe7e1e00:   00007f4cbe7e1e10 0000000000000000
0x00007f4cbe7e1e10:   0000000000000000 00007f4cb8020500 

Instructions: (pc=0x00007f4cc106ddfa)
0x00007f4cc106ddda:   ff 0f 1f 44 00 00 89 d0 eb 8f 0f 1f 40 00 49 8b
0x00007f4cc106ddea:   07 a8 01 49 8b 07 0f 85 8a 00 00 00 48 83 e0 fd
0x00007f4cc106ddfa:   48 8b 08 48 89 c8 48 c1 e8 03 83 e0 0f 83 f8 0f
0x00007f4cc106de0a:   0f 84 37 01 00 00 48 8d 14 c5 08 00 00 00 48 83 

Register to memory mapping:

RAX=0x0000000000000000 is an unknown value
RBX=0x00000000f3a961d8 is an oop
java.lang.reflect.Field 
 - klass: 'java/lang/reflect/Field'
RCX=0x00000000fbb1c013 is an unknown value
RDX=0x0000000000000001 is an unknown value
RSP=0x00007f4cbe7e1c20 is an unknown value
RBP=0x00007f4cbe7e1c80 is an unknown value
RSI=0x00000000f3a961d8 is an oop
java.lang.reflect.Field 
 - klass: 'java/lang/reflect/Field'
RDI=0x00000000fbb1c010 is an unknown value
R8 =0x0000000000000005 is an unknown value
R9 =0x00007f4cb801b068 is an unknown value
R10=0x0000000000008000 is an unknown value
R11=0x00000000fbb24000 is an unknown value
R12=0x0000000000000009 is an unknown value
R13=0x0000000000000000 is an unknown value
R14=0x00007f4cb8070c00 is an unknown value
R15=0x00000000fbb1c010 is an unknown value


Stack: [0x00007f4cbe6e2000,0x00007f4cbe7e3000],  sp=0x00007f4cbe7e1c20,  free space=1023k
Native frames: (J=compiled Java code, j=interpreted, Vv=VM code, C=native code)
V  [libjvm.so+0x8c6dfa]
V  [libjvm.so+0x8c6308]
V  [libjvm.so+0x3d124f]
V  [libjvm.so+0x8c9fbb]
V  [libjvm.so+0x5883c2]
V  [libjvm.so+0x8584a2]


---------------  P R O C E S S  ---------------

Java Threads: ( => current thread )
  0x00007f4c7463f800 JavaThread "pool-4-thread-2" [_thread_blocked, id=11525, stack(0x00007f4ca03fe000,0x00007f4ca04ff000)]
  0x00007f4c74ab6800 JavaThread "pool-4-thread-1" [_thread_blocked, id=11524, stack(0x00007f4ca04ff000,0x00007f4ca0600000)]
  0x00007f4c744a8800 JavaThread "Stdin handler" [_thread_blocked, id=11520, stack(0x00007f4ca2324000,0x00007f4ca2425000)]
  0x00007f4c7000a000 JavaThread "Daemon worker Thread 4" [_thread_blocked, id=11517, stack(0x00007f4ca242c000,0x00007f4ca252d000)]
  0x00007f4c70008000 JavaThread "Cancel handler" [_thread_blocked, id=11516, stack(0x00007f4ca252d000,0x00007f4ca262e000)]
  0x00007f4c70005800 JavaThread "Handler for socket connection from /127.0.0.1:57819 to /127.0.0.1:46583" [_thread_in_native, id=11515, stack(0x00007f4ca262e000,0x00007f4ca272f000)]
  0x00007f4c7c026000 JavaThread "Daemon Thread 4" [_thread_blocked, id=11514, stack(0x00007f4ca272f000,0x00007f4ca2830000)]
  0x0000000001573800 JavaThread "File lock request listener" [_thread_in_native, id=8254, stack(0x00007f4ca1770000,0x00007f4ca1871000)]
  0x00007f4cb8b1a000 JavaThread "Incoming local TCP Connector on port 57819" [_thread_in_native, id=8244, stack(0x00007f4ca2a30000,0x00007f4ca2b31000)]
  0x00007f4cb80ae800 JavaThread "Service Thread" daemon [_thread_blocked, id=8242, stack(0x00007f4ca352f000,0x00007f4ca3630000)]
  0x00007f4cb80ab800 JavaThread "C1 CompilerThread1" daemon [_thread_blocked, id=8241, stack(0x00007f4ca3630000,0x00007f4ca3731000)]
  0x00007f4cb80a9000 JavaThread "C2 CompilerThread0" daemon [_thread_blocked, id=8240, stack(0x00007f4ca3731000,0x00007f4ca3832000)]
  0x00007f4cb80a6800 JavaThread "Signal Dispatcher" daemon [_thread_blocked, id=8239, stack(0x00007f4ca3832000,0x00007f4ca3933000)]
  0x00007f4cb807f800 JavaThread "Finalizer" daemon [_thread_blocked, id=8238, stack(0x00007f4ca3bfc000,0x00007f4ca3cfd000)]
  0x00007f4cb807b000 JavaThread "Reference Handler" daemon [_thread_blocked, id=8237, stack(0x00007f4ca3cfd000,0x00007f4ca3dfe000)]
  0x00007f4cb800a000 JavaThread "main" [_thread_blocked, id=8231, stack(0x00007f4cc2389000,0x00007f4cc248a000)]

Other Threads:
  0x00007f4cb8073800 VMThread [stack: 0x00007f4ca3dfe000,0x00007f4ca3eff000] [id=8236]
  0x00007f4cb80bd000 WatcherThread [stack: 0x00007f4ca342e000,0x00007f4ca352f000] [id=8243]

=>0x00007f4cb801f000 (exited) GCTaskThread [stack: 0x00007f4cbe6e2000,0x00007f4cbe7e3000] [id=8233]

VM state:at safepoint (normal execution)

VM Mutex/Monitor currently owned by a thread:  ([mutex/lock_event])
[0x00007f4cb80066c0] Threads_lock - owner thread: 0x00007f4cb8073800
[0x00007f4cb8006bc0] Heap_lock - owner thread: 0x00007f4c7000a000

Heap:
 PSYoungGen      total 305664K, used 276480K [0x00000000eab00000, 0x0000000100000000, 0x0000000100000000)
  eden space 276480K, 100% used [0x00000000eab00000,0x00000000fb900000,0x00000000fb900000)
  from space 29184K, 0% used [0x00000000fe380000,0x00000000fe380000,0x0000000100000000)
  to   space 36352K, 6% used [0x00000000fb900000,0x00000000fbb4c010,0x00000000fdc80000)
 ParOldGen       total 86528K, used 61968K [0x00000000c0000000, 0x00000000c5480000, 0x00000000eab00000)
  object space 86528K, 71% used [0x00000000c0000000,0x00000000c3c842a8,0x00000000c5480000)
 Metaspace       used 90731K, capacity 93646K, committed 93992K, reserved 1130496K
  class space    used 11004K, capacity 11958K, committed 12072K, reserved 1048576K

Card table byte_map: [0x00007f4cbe939000,0x00007f4cbeb3a000] byte_map_base: 0x00007f4cbe339000

Marking Bits: (ParMarkBitMap*) 0x00007f4cc1671080
 Begin Bits: [0x00007f4cbc5e1000, 0x00007f4cbd5e1000)
 End Bits:   [0x00007f4cbd5e1000, 0x00007f4cbe5e1000)

Polling page: 0x00007f4cc24bc000

CodeCache: size=245760Kb used=31527Kb max_used=32257Kb free=214232Kb
 bounds [0x00007f4ca9000000, 0x00007f4caafb0000, 0x00007f4cb8000000]
 total_blobs=9747 nmethods=9040 adapters=619
 compilation: enabled

Compilation events (10 events):
Event: 6098.110 Thread 0x00007f4cb80ab800 nmethod 10930 0x00007f4ca9e4ec90 code [0x00007f4ca9e4ede0, 0x00007f4ca9e4eed0]
Event: 6098.128 Thread 0x00007f4cb80ab800 10932       3       java.util.AbstractCollection::retainAll (49 bytes)
Event: 6098.129 Thread 0x00007f4cb80ab800 nmethod 10932 0x00007f4caad89150 code [0x00007f4caad89340, 0x00007f4caad89ad8]
Event: 6098.129 Thread 0x00007f4cb80ab800 10931       1       org.gradle.api.internal.changedetection.rules.TaskUpToDateState::getAllTaskChanges (5 bytes)
Event: 6098.129 Thread 0x00007f4cb80ab800 nmethod 10931 0x00007f4ca9d99490 code [0x00007f4ca9d995e0, 0x00007f4ca9d996f0]
Event: 6098.137 Thread 0x00007f4cb80a9000 10933       4       ch.qos.logback.classic.Logger::debug (15 bytes)
Event: 6098.137 Thread 0x00007f4cb80a9000 nmethod 10933 0x00007f4ca91d8710 code [0x00007f4ca91d8860, 0x00007f4ca91d8908]
Event: 6098.156 Thread 0x00007f4cb80ab800 10934       3       com.google.common.collect.ImmutableList::asImmutableList (66 bytes)
Event: 6098.159 Thread 0x00007f4cb80ab800 nmethod 10934 0x00007f4ca94ce590 code [0x00007f4ca94ce800, 0x00007f4ca94cf6b8]
Event: 6098.501 Thread 0x00007f4cb80a9000 10935       4       java.lang.Class::getSimpleName (120 bytes)

GC Heap History (10 events):
Event: 3207.167 GC heap after
Heap after GC invocations=15 (full 3):
 PSYoungGen      total 316416K, used 16532K [0x00000000eab00000, 0x0000000100000000, 0x0000000100000000)
  eden space 290816K, 0% used [0x00000000eab00000,0x00000000eab00000,0x00000000fc700000)
  from space 25600K, 64% used [0x00000000fe700000,0x00000000ff725058,0x0000000100000000)
  to   space 29184K, 0% used [0x00000000fc700000,0x00000000fc700000,0x00000000fe380000)
 ParOldGen       total 86528K, used 64793K [0x00000000c0000000, 0x00000000c5480000, 0x00000000eab00000)
  object space 86528K, 74% used [0x00000000c0000000,0x00000000c3f46670,0x00000000c5480000)
 Metaspace       used 67261K, capacity 69712K, committed 69800K, reserved 1110016K
  class space    used 8294K, capacity 9068K, committed 9128K, reserved 1048576K
}
Event: 3207.167 GC heap before
{Heap before GC invocations=16 (full 4):
 PSYoungGen      total 316416K, used 16532K [0x00000000eab00000, 0x0000000100000000, 0x0000000100000000)
  eden space 290816K, 0% used [0x00000000eab00000,0x00000000eab00000,0x00000000fc700000)
  from space 25600K, 64% used [0x00000000fe700000,0x00000000ff725058,0x0000000100000000)
  to   space 29184K, 0% used [0x00000000fc700000,0x00000000fc700000,0x00000000fe380000)
 ParOldGen       total 86528K, used 64793K [0x00000000c0000000, 0x00000000c5480000, 0x00000000eab00000)
  object space 86528K, 74% used [0x00000000c0000000,0x00000000c3f46670,0x00000000c5480000)
 Metaspace       used 67261K, capacity 69712K, committed 69800K, reserved 1110016K
  class space    used 8294K, capacity 9068K, committed 9128K, reserved 1048576K
Event: 3225.280 GC heap after
Heap after GC invocations=16 (full 4):
 PSYoungGen      total 316416K, used 0K [0x00000000eab00000, 0x0000000100000000, 0x0000000100000000)
  eden space 290816K, 0% used [0x00000000eab00000,0x00000000eab00000,0x00000000fc700000)
  from space 25600K, 0% used [0x00000000fe700000,0x00000000fe700000,0x0000000100000000)
  to   space 29184K, 0% used [0x00000000fc700000,0x00000000fc700000,0x00000000fe380000)
 ParOldGen       total 86528K, used 46578K [0x00000000c0000000, 0x00000000c5480000, 0x00000000eab00000)
  object space 86528K, 53% used [0x00000000c0000000,0x00000000c2d7c808,0x00000000c5480000)
 Metaspace       used 66357K, capacity 67810K, committed 69800K, reserved 1110016K
  class space    used 8021K, capacity 8462K, committed 9128K, reserved 1048576K
}
Event: 4494.463 GC heap before
{Heap before GC invocations=17 (full 4):
 PSYoungGen      total 316416K, used 290816K [0x00000000eab00000, 0x0000000100000000, 0x0000000100000000)
  eden space 290816K, 100% used [0x00000000eab00000,0x00000000fc700000,0x00000000fc700000)
  from space 25600K, 0% used [0x00000000fe700000,0x00000000fe700000,0x0000000100000000)
  to   space 29184K, 0% used [0x00000000fc700000,0x00000000fc700000,0x00000000fe380000)
 ParOldGen       total 86528K, used 46578K [0x00000000c0000000, 0x00000000c5480000, 0x00000000eab00000)
  object space 86528K, 53% used [0x00000000c0000000,0x00000000c2d7c808,0x00000000c5480000)
 Metaspace       used 73660K, capacity 76002K, committed 76584K, reserved 1116160K
  class space    used 9113K, capacity 9858K, committed 10024K, reserved 1048576K
Event: 4494.993 GC heap after
Heap after GC invocations=17 (full 4):
 PSYoungGen      total 320000K, used 29086K [0x00000000eab00000, 0x0000000100000000, 0x0000000100000000)
  eden space 290816K, 0% used [0x00000000eab00000,0x00000000eab00000,0x00000000fc700000)
  from space 29184K, 99% used [0x00000000fc700000,0x00000000fe367910,0x00000000fe380000)
  to   space 29184K, 0% used [0x00000000fe380000,0x00000000fe380000,0x0000000100000000)
 ParOldGen       total 86528K, used 46586K [0x00000000c0000000, 0x00000000c5480000, 0x00000000eab00000)
  object space 86528K, 53% used [0x00000000c0000000,0x00000000c2d7e808,0x00000000c5480000)
 Metaspace       used 73660K, capacity 76002K, committed 76584K, reserved 1116160K
  class space    used 9113K, capacity 9858K, committed 10024K, reserved 1048576K
}
Event: 4516.554 GC heap before
{Heap before GC invocations=18 (full 4):
 PSYoungGen      total 320000K, used 263573K [0x00000000eab00000, 0x0000000100000000, 0x0000000100000000)
  eden space 290816K, 80% used [0x00000000eab00000,0x00000000f8ffdcb8,0x00000000fc700000)
  from space 29184K, 99% used [0x00000000fc700000,0x00000000fe367910,0x00000000fe380000)
  to   space 29184K, 0% used [0x00000000fe380000,0x00000000fe380000,0x0000000100000000)
 ParOldGen       total 86528K, used 46586K [0x00000000c0000000, 0x00000000c5480000, 0x00000000eab00000)
  object space 86528K, 53% used [0x00000000c0000000,0x00000000c2d7e808,0x00000000c5480000)
 Metaspace       used 83991K, capacity 86376K, committed 87080K, reserved 1126400K
  class space    used 10050K, capacity 10833K, committed 11048K, reserved 1048576K
Event: 4516.933 GC heap after
Heap after GC invocations=18 (full 4):
 PSYoungGen      total 305664K, used 28385K [0x00000000eab00000, 0x0000000100000000, 0x0000000100000000)
  eden space 276480K, 0% used [0x00000000eab00000,0x00000000eab00000,0x00000000fb900000)
  from space 29184K, 97% used [0x00000000fe380000,0x00000000fff38798,0x0000000100000000)
  to   space 36352K, 0% used [0x00000000fb900000,0x00000000fb900000,0x00000000fdc80000)
 ParOldGen       total 86528K, used 46594K [0x00000000c0000000, 0x00000000c5480000, 0x00000000eab00000)
  object space 86528K, 53% used [0x00000000c0000000,0x00000000c2d80808,0x00000000c5480000)
 Metaspace       used 83991K, capacity 86376K, committed 87080K, reserved 1126400K
  class space    used 10050K, capacity 10833K, committed 11048K, reserved 1048576K
}
Event: 4516.933 GC heap before
{Heap before GC invocations=19 (full 5):
 PSYoungGen      total 305664K, used 28385K [0x00000000eab00000, 0x0000000100000000, 0x0000000100000000)
  eden space 276480K, 0% used [0x00000000eab00000,0x00000000eab00000,0x00000000fb900000)
  from space 29184K, 97% used [0x00000000fe380000,0x00000000fff38798,0x0000000100000000)
  to   space 36352K, 0% used [0x00000000fb900000,0x00000000fb900000,0x00000000fdc80000)
 ParOldGen       total 86528K, used 46594K [0x00000000c0000000, 0x00000000c5480000, 0x00000000eab00000)
  object space 86528K, 53% used [0x00000000c0000000,0x00000000c2d80808,0x00000000c5480000)
 Metaspace       used 83991K, capacity 86376K, committed 87080K, reserved 1126400K
  class space    used 10050K, capacity 10833K, committed 11048K, reserved 1048576K
Event: 4523.564 GC heap after
Heap after GC invocations=19 (full 5):
 PSYoungGen      total 305664K, used 0K [0x00000000eab00000, 0x0000000100000000, 0x0000000100000000)
  eden space 276480K, 0% used [0x00000000eab00000,0x00000000eab00000,0x00000000fb900000)
  from space 29184K, 0% used [0x00000000fe380000,0x00000000fe380000,0x0000000100000000)
  to   space 36352K, 0% used [0x00000000fb900000,0x00000000fb900000,0x00000000fdc80000)
 ParOldGen       total 86528K, used 61968K [0x00000000c0000000, 0x00000000c5480000, 0x00000000eab00000)
  object space 86528K, 71% used [0x00000000c0000000,0x00000000c3c842a8,0x00000000c5480000)
 Metaspace       used 83530K, capacity 85446K, committed 87080K, reserved 1126400K
  class space    used 9919K, capacity 10578K, committed 11048K, reserved 1048576K
}
Event: 6098.568 GC heap before
{Heap before GC invocations=20 (full 5):
 PSYoungGen      total 305664K, used 276480K [0x00000000eab00000, 0x0000000100000000, 0x0000000100000000)
  eden space 276480K, 100% used [0x00000000eab00000,0x00000000fb900000,0x00000000fb900000)
  from space 29184K, 0% used [0x00000000fe380000,0x00000000fe380000,0x0000000100000000)
  to   space 36352K, 0% used [0x00000000fb900000,0x00000000fb900000,0x00000000fdc80000)
 ParOldGen       total 86528K, used 61968K [0x00000000c0000000, 0x00000000c5480000, 0x00000000eab00000)
  object space 86528K, 71% used [0x00000000c0000000,0x00000000c3c842a8,0x00000000c5480000)
 Metaspace       used 90731K, capacity 93646K, committed 93992K, reserved 1130496K
  class space    used 11004K, capacity 11958K, committed 12072K, reserved 1048576K

Deoptimization events (10 events):
Event: 4512.238 Thread 0x00007f4c7000a000 Uncommon trap: reason=class_check action=maybe_recompile pc=0x00007f4caacbee5c method=com.sun.org.apache.xerces.internal.dom.NamedNodeMapImpl.getNamedItem(Ljava/lang/String;)Lorg/w3c/dom/Node; @ 28
Event: 4512.238 Thread 0x00007f4c7000a000 Uncommon trap: reason=class_check action=maybe_recompile pc=0x00007f4caacbee5c method=com.sun.org.apache.xerces.internal.dom.NamedNodeMapImpl.getNamedItem(Ljava/lang/String;)Lorg/w3c/dom/Node; @ 28
Event: 4512.238 Thread 0x00007f4c7000a000 Uncommon trap: reason=class_check action=maybe_recompile pc=0x00007f4caacbee5c method=com.sun.org.apache.xerces.internal.dom.NamedNodeMapImpl.getNamedItem(Ljava/lang/String;)Lorg/w3c/dom/Node; @ 28
Event: 4513.547 Thread 0x00007f4c7000a000 Uncommon trap: reason=class_check action=maybe_recompile pc=0x00007f4caacd5f08 method=com.sun.org.apache.xerces.internal.dom.ElementImpl.getAttribute(Ljava/lang/String;)Ljava/lang/String; @ 32
Event: 4516.344 Thread 0x00007f4c7000a000 Uncommon trap: reason=unstable_if action=reinterpret pc=0x00007f4caab1bd60 method=org.gradle.api.internal.changedetection.state.InMemoryTaskArtifactCache$1.get(Ljava/lang/Object;)Ljava/lang/Object; @ 69
Event: 6078.405 Thread 0x00007f4c7000a000 Uncommon trap: reason=unstable_if action=reinterpret pc=0x00007f4caa40d040 method=sun.security.provider.DigestBase.engineUpdate([BII)V @ 35
Event: 6081.979 Thread 0x00007f4c7000a000 Uncommon trap: reason=null_check action=make_not_entrant pc=0x00007f4caaade8ac method=org.gradle.api.internal.AbstractClassGenerator.generateUnderLock(Ljava/lang/Class;)Ljava/lang/Class; @ 789
Event: 6083.636 Thread 0x00007f4c7000a000 Uncommon trap: reason=null_check action=make_not_entrant pc=0x00007f4caaca2394 method=java.beans.Introspector.isAssignable(Ljava/lang/Class;Ljava/lang/Class;)Z @ 23
Event: 6083.905 Thread 0x00007f4c7000a000 Uncommon trap: reason=null_check action=make_not_entrant pc=0x00007f4caa8f65a4 method=java.beans.Introspector.isAssignable(Ljava/lang/Class;Ljava/lang/Class;)Z @ 23
Event: 6088.968 Thread 0x00007f4c7000a000 Uncommon trap: reason=null_check action=make_not_entrant pc=0x00007f4caaedc938 method=java.beans.PropertyDescriptor.isAssignable(Ljava/lang/reflect/Method;Ljava/lang/reflect/Method;)Z @ 72

Internal exceptions (10 events):
Event: 6096.904 Thread 0x00007f4c7000a000 Exception <a 'java/lang/ClassNotFoundException': com/android/ide/common/res2/FileValidity$FileStatusBeanInfo> (0x00000000faf20120) thrown at [/build/openjdk-8-vT_67x/openjdk-8-8u91-b14/src/hotspot/src/share/vm/classfile/systemDictionary.cpp, line 210]
Event: 6096.905 Thread 0x00007f4c7000a000 Exception <a 'java/lang/ClassNotFoundException': com/android/ide/common/res2/FileValidity$FileStatusCustomizer> (0x00000000faf2e988) thrown at [/build/openjdk-8-vT_67x/openjdk-8-8u91-b14/src/hotspot/src/share/vm/classfile/systemDictionary.cpp, line 210]
Event: 6096.957 Thread 0x00007f4c7000a000 Exception <a 'java/lang/ClassNotFoundException': com/android/ide/common/res2/AssetSetBeanInfo> (0x00000000faf5cb98) thrown at [/build/openjdk-8-vT_67x/openjdk-8-8u91-b14/src/hotspot/src/share/vm/classfile/systemDictionary.cpp, line 210]
Event: 6096.958 Thread 0x00007f4c7000a000 Exception <a 'java/lang/ClassNotFoundException': com/android/ide/common/res2/DataSetBeanInfo> (0x00000000faf68e90) thrown at [/build/openjdk-8-vT_67x/openjdk-8-8u91-b14/src/hotspot/src/share/vm/classfile/systemDictionary.cpp, line 210]
Event: 6096.960 Thread 0x00007f4c7000a000 Exception <a 'java/lang/ClassNotFoundException': com/android/ide/common/res2/DataSetCustomizer> (0x00000000faf754d8) thrown at [/build/openjdk-8-vT_67x/openjdk-8-8u91-b14/src/hotspot/src/share/vm/classfile/systemDictionary.cpp, line 210]
Event: 6096.991 Thread 0x00007f4c7000a000 Exception <a 'java/lang/ClassNotFoundException': com/android/ide/common/res2/AssetSetCustomizer> (0x00000000faf9a958) thrown at [/build/openjdk-8-vT_67x/openjdk-8-8u91-b14/src/hotspot/src/share/vm/classfile/systemDictionary.cpp, line 210]
Event: 6097.045 Thread 0x00007f4c7000a000 Exception <a 'java/lang/ClassNotFoundException': com/android/ide/common/res2/MergedAssetWriterBeanInfo> (0x00000000fafe7310) thrown at [/build/openjdk-8-vT_67x/openjdk-8-8u91-b14/src/hotspot/src/share/vm/classfile/systemDictionary.cpp, line 210]
Event: 6097.047 Thread 0x00007f4c7000a000 Exception <a 'java/lang/ClassNotFoundException': com/android/ide/common/res2/MergeWriterBeanInfo> (0x00000000faff3968) thrown at [/build/openjdk-8-vT_67x/openjdk-8-8u91-b14/src/hotspot/src/share/vm/classfile/systemDictionary.cpp, line 210]
Event: 6097.049 Thread 0x00007f4c7000a000 Exception <a 'java/lang/ClassNotFoundException': com/android/ide/common/res2/MergeWriterCustomizer> (0x00000000faffff30) thrown at [/build/openjdk-8-vT_67x/openjdk-8-8u91-b14/src/hotspot/src/share/vm/classfile/systemDictionary.cpp, line 210]
Event: 6097.051 Thread 0x00007f4c7000a000 Exception <a 'java/lang/ClassNotFoundException': com/android/ide/common/res2/MergedAssetWriterCustomizer> (0x00000000fb010ea8) thrown at [/build/openjdk-8-vT_67x/openjdk-8-8u91-b14/src/hotspot/src/share/vm/classfile/systemDictionary.cpp, line 210]

Events (10 events):
Event: 6098.109 Thread 0x00007f4cb80ab800 flushing nmethod 0x00007f4caad08d50
Event: 6098.109 Thread 0x00007f4cb80ab800 flushing nmethod 0x00007f4caad167d0
Event: 6098.110 Thread 0x00007f4cb80ab800 flushing nmethod 0x00007f4caad44cd0
Event: 6098.110 Thread 0x00007f4cb80ab800 flushing nmethod 0x00007f4caad85450
Event: 6098.110 Thread 0x00007f4cb80ab800 flushing nmethod 0x00007f4caad85890
Event: 6098.110 Thread 0x00007f4cb80ab800 flushing nmethod 0x00007f4caad861d0
Event: 6098.110 Thread 0x00007f4cb80ab800 flushing nmethod 0x00007f4caad89050
Event: 6098.110 Thread 0x00007f4cb80ab800 flushing nmethod 0x00007f4caad89510
Event: 6098.110 Thread 0x00007f4cb80ab800 flushing nmethod 0x00007f4caad899d0
Event: 6098.548 Executing VM operation: ParallelGCFailedAllocation


Dynamic libraries:
00400000-00401000 r-xp 00000000 08:01 803451                             /usr/lib/jvm/java-8-openjdk-amd64/jre/bin/java
00600000-00601000 r--p 00000000 08:01 803451                             /usr/lib/jvm/java-8-openjdk-amd64/jre/bin/java
00601000-00602000 rw-p 00001000 08:01 803451                             /usr/lib/jvm/java-8-openjdk-amd64/jre/bin/java
0116d000-02368000 rw-p 00000000 00:00 0                                  [heap]
c0000000-c5480000 rw-p 00000000 00:00 0 
c5480000-eab00000 ---p 00000000 00:00 0 
eab00000-100000000 rw-p 00000000 00:00 0 
100000000-100bca000 rw-p 00000000 00:00 0 
100bca000-140000000 ---p 00000000 00:00 0 
7f4c68000000-7f4c68021000 rw-p 00000000 00:00 0 
7f4c68021000-7f4c6c000000 ---p 00000000 00:00 0 
7f4c6cffe000-7f4c6d1fe000 rw-p 00000000 00:00 0 
7f4c6d1fe000-7f4c6d3fe000 rw-p 00000000 00:00 0 
7f4c6d3fe000-7f4c6d5fe000 rw-p 00000000 00:00 0 
7f4c6d5fe000-7f4c6d7fe000 rw-p 00000000 00:00 0 
7f4c6d7fe000-7f4c6d9fe000 rw-p 00000000 00:00 0 
7f4c6d9fe000-7f4c6dbfe000 rw-p 00000000 00:00 0 
7f4c6dbfe000-7f4c6ddfe000 rw-p 00000000 00:00 0 
7f4c6ddfe000-7f4c6dffe000 rw-p 00000000 00:00 0 
7f4c6dffe000-7f4c6e1fe000 rw-p 00000000 00:00 0 
7f4c6e1fe000-7f4c6e3fe000 rw-p 00000000 00:00 0 
7f4c6e3fe000-7f4c6e5fe000 rw-p 00000000 00:00 0 
7f4c6e5fe000-7f4c6e7fe000 rw-p 00000000 00:00 0 
7f4c6e7fe000-7f4c6e9fe000 rw-p 00000000 00:00 0 
7f4c6e9fe000-7f4c6ebfe000 rw-p 00000000 00:00 0 
7f4c6ebfe000-7f4c6ec01000 ---p 00000000 00:00 0 
7f4c6ec01000-7f4c6eeff000 rw-p 00000000 00:00 0 
7f4c6eeff000-7f4c6f0ff000 rw-p 00000000 00:00 0 
7f4c6f0ff000-7f4c6f2ff000 rw-p 00000000 00:00 0 
7f4c6f2ff000-7f4c6f4ff000 rw-p 00000000 00:00 0 
7f4c6f4ff000-7f4c6f6ff000 rw-p 00000000 00:00 0 
7f4c6f6ff000-7f4c6f8ff000 rw-p 00000000 00:00 0 
7f4c6f8ff000-7f4c6faff000 rw-p 00000000 00:00 0 
7f4c6faff000-7f4c6fcff000 rw-p 00000000 00:00 0 
7f4c6fcff000-7f4c6feff000 rw-p 00000000 00:00 0 
7f4c6feff000-7f4c6ff02000 ---p 00000000 00:00 0 
7f4c6ff02000-7f4c70000000 rw-p 00000000 00:00 0 
7f4c70000000-7f4c7003a000 rw-p 00000000 00:00 0 
7f4c7003a000-7f4c74000000 ---p 00000000 00:00 0 
7f4c74000000-7f4c74fdd000 rw-p 00000000 00:00 0 
7f4c74fdd000-7f4c78000000 ---p 00000000 00:00 0 
7f4c78000000-7f4c78021000 rw-p 00000000 00:00 0 
7f4c78021000-7f4c7c000000 ---p 00000000 00:00 0 
7f4c7c000000-7f4c7c02b000 rw-p 00000000 00:00 0 
7f4c7c02b000-7f4c80000000 ---p 00000000 00:00 0 
7f4c80000000-7f4c81167000 rw-p 00000000 00:00 0 
7f4c81167000-7f4c84000000 ---p 00000000 00:00 0 
7f4c84000000-7f4c84021000 rw-p 00000000 00:00 0 
7f4c84021000-7f4c88000000 ---p 00000000 00:00 0 
7f4c88000000-7f4c88021000 rw-p 00000000 00:00 0 
7f4c88021000-7f4c8c000000 ---p 00000000 00:00 0 
7f4c8c000000-7f4c8ee70000 rw-p 00000000 00:00 0 
7f4c8ee70000-7f4c90000000 ---p 00000000 00:00 0 
7f4c90000000-7f4c90021000 rw-p 00000000 00:00 0 
7f4c90021000-7f4c94000000 ---p 00000000 00:00 0 
7f4c94000000-7f4c94021000 rw-p 00000000 00:00 0 
7f4c94021000-7f4c98000000 ---p 00000000 00:00 0 
7f4c98000000-7f4c981ec000 rw-p 00000000 00:00 0 
7f4c981ec000-7f4c9c000000 ---p 00000000 00:00 0 
7f4c9c000000-7f4c9c052000 rw-p 00000000 00:00 0 
7f4c9c052000-7f4ca0000000 ---p 00000000 00:00 0 
7f4ca00fa000-7f4ca00fb000 rw-p 00000000 00:00 0 
7f4ca00fb000-7f4ca00fe000 ---p 00000000 00:00 0 
7f4ca00fe000-7f4ca01fc000 rw-p 00000000 00:00 0 
7f4ca01fc000-7f4ca01ff000 ---p 00000000 00:00 0 
7f4ca01ff000-7f4ca02fd000 rw-p 00000000 00:00 0 
7f4ca02fd000-7f4ca0300000 ---p 00000000 00:00 0 
7f4ca0300000-7f4ca03fe000 rw-p 00000000 00:00 0 
7f4ca03fe000-7f4ca0401000 ---p 00000000 00:00 0 
7f4ca0401000-7f4ca04ff000 rw-p 00000000 00:00 0                          [stack:11525]
7f4ca04ff000-7f4ca0502000 ---p 00000000 00:00 0 
7f4ca0502000-7f4ca0800000 rw-p 00000000 00:00 0                          [stack:11524]
7f4ca0800000-7f4ca0a00000 rw-p 00000000 00:00 0 
7f4ca0a00000-7f4ca0a13000 r--s 00345000 08:01 803503                     /usr/lib/jvm/java-8-openjdk-amd64/jre/lib/resources.jar
7f4ca0a13000-7f4ca0c13000 rw-p 00000000 00:00 0 
7f4ca0c13000-7f4ca0e13000 rw-p 00000000 00:00 0 
7f4ca0e13000-7f4ca1013000 rw-p 00000000 00:00 0 
7f4ca1013000-7f4ca101c000 r-xp 00000000 08:01 803490                     /usr/lib/jvm/java-8-openjdk-amd64/jre/lib/amd64/libmanagement.so
7f4ca101c000-7f4ca121b000 ---p 00009000 08:01 803490                     /usr/lib/jvm/java-8-openjdk-amd64/jre/lib/amd64/libmanagement.so
7f4ca121b000-7f4ca121c000 r--p 00008000 08:01 803490                     /usr/lib/jvm/java-8-openjdk-amd64/jre/lib/amd64/libmanagement.so
7f4ca121c000-7f4ca121d000 rw-p 00009000 08:01 803490                     /usr/lib/jvm/java-8-openjdk-amd64/jre/lib/amd64/libmanagement.so
7f4ca121d000-7f4ca141d000 rw-p 00000000 00:00 0 
7f4ca141d000-7f4ca141f000 r--s 00005000 08:01 417227                     /root/.gradle/caches/modules-2/files-2.1/org.abego.treelayout/org.abego.treelayout.core/1.0.1/e31e79cba7a5414cf18fa69f3f0a2cf9ee997b61/org.abego.treelayout.core-1.0.1.jar
7f4ca141f000-7f4ca1427000 r--s 000a8000 08:01 417226                     /root/.gradle/caches/modules-2/files-2.1/com.android.tools.external.lombok/lombok-ast/0.2.3/528b6f8bde3157f17530aa366631f2aad2a6cf9/lombok-ast-0.2.3.jar
7f4ca1427000-7f4ca1429000 r--s 0000d000 08:01 1591078                    /root/.gradle/caches/modules-2/files-2.1/commons-codec/commons-codec/1.4/4216af16d38465bbab0f3dff8efa14204f7a399a/commons-codec-1.4.jar
7f4ca1429000-7f4ca142b000 r--s 0000d000 08:01 1591069                    /root/.gradle/caches/modules-2/files-2.1/commons-logging/commons-logging/1.1.1/5043bfebc3db072ed80fbd362e7caf00e885d8ae/commons-logging-1.1.1.jar
7f4ca142b000-7f4ca1430000 r--s 00028000 08:01 1320521                    /root/.gradle/caches/modules-2/files-2.1/org.apache.httpcomponents/httpcore/4.1/33fc26c02f8043ab0ede19eadc8c9885386b255c/httpcore-4.1.jar
7f4ca1430000-7f4ca1431000 r--s 00004000 08:01 417225                     /root/.gradle/caches/modules-2/files-2.1/com.intellij/annotations/12.0/bbcf6448f6d40abe506e2c83b70a3e8bfd2b4539/annotations-12.0.jar
7f4ca1431000-7f4ca1432000 r--s 00002000 08:01 417224                     /root/.gradle/caches/modules-2/files-2.1/com.tunnelvisionlabs/antlr4-annotations/4.5/2c5996120a0ac690de575bd8ac36250e6720a6b8/antlr4-annotations-4.5.jar
7f4ca1432000-7f4ca1439000 r--s 00062000 08:01 417223                     /root/.gradle/caches/modules-2/files-2.1/com.tunnelvisionlabs/antlr4-runtime/4.5/5067478827a98f5ab77d9fc577903edc57af3da4/antlr4-runtime-4.5.jar
7f4ca1439000-7f4ca143a000 r--s 00004000 08:01 417222                     /root/.gradle/caches/modules-2/files-2.1/org.ow2.asm/asm-analysis/5.0.3/c7126aded0e8e13fed5f913559a0dd7b770a10f3/asm-analysis-5.0.3.jar
7f4ca143a000-7f4ca143d000 r--s 0002d000 08:01 417220                     /root/.gradle/caches/modules-2/files-2.1/com.android.tools.lint/lint-api/24.5.0/7d93eb96a2f07860ab8d9ae761ebe5c416777fcf/lint-api-24.5.0.jar
7f4ca143d000-7f4ca1441000 r--s 00037000 08:01 417219                     /root/.gradle/caches/modules-2/files-2.1/org.antlr/ST4/4.0.8/a1c55e974f8a94d78e2348fa6ff63f4fa1fae64/ST4-4.0.8.jar
7f4ca1441000-7f4ca1442000 r--s 0000a000 08:01 804926                     /root/.gradle/caches/modules-2/files-2.1/net.sf.kxml/kxml2/2.3.0/ccbc77a5fd907ef863c29f3596c6f54ffa4e9442/kxml2-2.3.0.jar
7f4ca1442000-7f4ca1444000 r--s 00005000 08:01 804932                     /root/.gradle/caches/modules-2/files-2.1/org.apache.httpcomponents/httpmime/4.1/9ba2dcdf94ce35c8a8e9bff242db0618ca932e92/httpmime-4.1.jar
7f4ca1444000-7f4ca144c000 r--s 0004e000 08:01 804929                     /root/.gradle/caches/modules-2/files-2.1/org.apache.httpcomponents/httpclient/4.1.1/3d1d918f32709e33ba7ddb2c4e8d1c543ebe713e/httpclient-4.1.1.jar
7f4ca144c000-7f4ca1453000 r--s 00053000 08:01 804938                     /root/.gradle/caches/modules-2/files-2.1/org.apache.commons/commons-compress/1.8.1/a698750c16740fd5b3871425f4cb3bbaa87f529d/commons-compress-1.8.1.jar
7f4ca1453000-7f4ca1458000 r--s 0002a000 08:01 417218                     /root/.gradle/caches/modules-2/files-2.1/com.google.code.gson/gson/2.2.4/a60a5e993c98c864010053cb901b7eab25306568/gson-2.2.4.jar
7f4ca1458000-7f4ca1459000 r--s 00005000 08:01 417217                     /root/.gradle/caches/modules-2/files-2.1/com.android.tools/dvlib/24.5.0/bb3cda7db1fa6c9543e887a8c451d0449e76fa4/dvlib-24.5.0.jar
7f4ca1459000-7f4ca145c000 r--s 00013000 08:01 417216                     /root/.gradle/caches/modules-2/files-2.1/com.android.tools.layoutlib/layoutlib-api/24.5.0/387949832720a36855711d2033cd4122e945f36e/layoutlib-api-24.5.0.jar
7f4ca145c000-7f4ca1461000 r--s 00058000 08:01 417215                     /root/.gradle/caches/modules-2/files-2.1/org.ow2.asm/asm-debug-all/5.0.1/f69b5f7d96cec0d448acf1c1a266584170c9643b/asm-debug-all-5.0.1.jar
7f4ca1461000-7f4ca1471000 r--s 000d6000 08:01 417213                     /root/.gradle/caches/modules-2/files-2.1/net.sf.proguard/proguard-base/5.2.1/4f61348b4e7c943b85679dcb697f3a5fc3101921/proguard-base-5.2.1.jar
7f4ca1471000-7f4ca1474000 r--s 00033000 08:01 417212                     /root/.gradle/caches/modules-2/files-2.1/com.googlecode.juniversalchardet/juniversalchardet/1.0.3/cd49678784c46aa8789c060538e0154013bb421b/juniversalchardet-1.0.3.jar
7f4ca1474000-7f4ca1478000 r--s 0002a000 08:01 413240                     /root/.gradle/caches/modules-2/files-2.1/commons-io/commons-io/2.4/b1b6ea3b7e4aa4f492509a4952029cd8e48019ad/commons-io-2.4.jar
7f4ca1478000-7f4ca1482000 r--s 00099000 08:01 413238                     /root/.gradle/caches/modules-2/files-2.1/com.tunnelvisionlabs/antlr4/4.5/a0e860e317147848e69ac145bc5196901a9993bf/antlr4-4.5.jar
7f4ca1482000-7f4ca1489000 r--s 0005e000 08:01 413236                     /root/.gradle/caches/modules-2/files-2.1/org.apache.commons/commons-lang3/3.3.2/90a3822c38ec8c996e84c16a3477ef632cbc87a3/commons-lang3-3.3.2.jar
7f4ca1489000-7f4ca148a000 r--s 00002000 08:01 413234                     /root/.gradle/caches/modules-2/files-2.1/com.android.databinding/baseLibrary/1.0-rc5/4d15bfec5956b906a26527dbde26a4fc84326611/baseLibrary-1.0-rc5.jar
7f4ca148a000-7f4ca14b5000 r--s 001f9000 08:01 804922                     /root/.gradle/caches/modules-2/files-2.1/com.google.guava/guava/17.0/9c6ef172e8de35fd8d4d8783e4821e57cdef7445/guava-17.0.jar
7f4ca14b5000-7f4ca14b6000 r--s 00001000 08:01 413232                     /root/.gradle/caches/modules-2/files-2.1/com.android.tools/annotations/24.5.0/7f2bcdf40b008f15481324327b7f9e377b0b1697/annotations-24.5.0.jar
7f4ca14b6000-7f4ca14c8000 r--s 00223000 08:01 412225                     /root/.gradle/caches/modules-2/files-2.1/org.eclipse.jdt.core.compiler/ecj/4.4.2/71d67f5bab9465ec844596ef844f40902ae25392/ecj-4.4.2.jar
7f4ca14c8000-7f4ca14ce000 r--s 000af000 08:01 412224                     /root/.gradle/caches/modules-2/files-2.1/com.android.tools.lint/lint-checks/24.5.0/dbdca0447c2333481823e088a356393e653276b4/lint-checks-24.5.0.jar
7f4ca14ce000-7f4ca14d8000 r--s 00110000 08:01 411589                     /root/.gradle/caches/modules-2/files-2.1/org.antlr/antlr/3.5.2/c4a65c950bfc3e7d04309c515b2177c00baf7764/antlr-3.5.2.jar
7f4ca14d8000-7f4ca14db000 r--s 00026000 08:01 411537                     /root/.gradle/caches/modules-2/files-2.1/org.antlr/antlr-runtime/3.5.2/cd9cd41361c155f3af0f653009dcecb08d8b4afd/antlr-runtime-3.5.2.jar
7f4ca14db000-7f4ca14dd000 r--s 00006000 08:01 411536                     /root/.gradle/caches/modules-2/files-2.1/org.ow2.asm/asm-tree/5.0.3/287749b48ba7162fb67c93a026d690b29f410bed/asm-tree-5.0.3.jar
7f4ca14dd000-7f4ca14de000 r--s 0000c000 08:01 411535                     /root/.gradle/caches/modules-2/files-2.1/org.ow2.asm/asm/5.0.3/dcc2193db20e19e1feca8b1240dbbc4e190824fa/asm-5.0.3.jar
7f4ca14de000-7f4ca1511000 r--s 00203000 08:01 790127                     /root/.gradle/caches/modules-2/files-2.1/org.bouncycastle/bcprov-jdk15on/1.48/960dea7c9181ba0b17e8bab0c06a43f0a5f04e65/bcprov-jdk15on-1.48.jar
7f4ca1511000-7f4ca151f000 r--s 00081000 08:01 804889                     /root/.gradle/caches/modules-2/files-2.1/org.bouncycastle/bcpkix-jdk15on/1.48/28b7614b908a47844bb27e3c94b45b6893656265/bcpkix-jdk15on-1.48.jar
7f4ca151f000-7f4ca1521000 r--s 00002000 08:01 791075                     /root/.gradle/caches/modules-2/files-2.1/com.squareup/javawriter/2.5.0/81241ff7078ef14f42ea2a8995fa09c096256e6b/javawriter-2.5.0.jar
7f4ca1521000-7f4ca1522000 r--s 00001000 08:01 411534                     /root/.gradle/caches/modules-2/files-2.1/com.android.tools.jill/jill-api/0.9.0/9a83e898b15c853f6c92c74791064ca400cd3f3/jill-api-0.9.0.jar
7f4ca1522000-7f4ca1524000 r--s 00002000 08:01 411156                     /root/.gradle/caches/modules-2/files-2.1/com.android.tools.jack/jack-api/0.9.0/6b474acfffc1e9d9e03df4ab3579b5fef852ed23/jack-api-0.9.0.jar
7f4ca1524000-7f4ca1529000 r--s 00047000 08:01 411154                     /root/.gradle/caches/modules-2/files-2.1/com.android.tools.ddms/ddmlib/24.5.0/d45670b5511da60d2939a1eece4c7c4407fee95b/ddmlib-24.5.0.jar
7f4ca1529000-7f4ca152d000 r--s 00027000 08:01 411153                     /root/.gradle/caches/modules-2/files-2.1/com.android.tools.build/manifest-merger/24.5.0/dc521cf0bc3565f990d4da7fac4aabc73b6d62cf/manifest-merger-24.5.0.jar
7f4ca152d000-7f4ca152f000 r--s 00016000 08:01 411152                     /root/.gradle/caches/modules-2/files-2.1/com.android.tools/common/24.5.0/55436737b893bac95c978b184dd35c76002d2eef/common-24.5.0.jar
7f4ca152f000-7f4ca1537000 r--s 00079000 08:01 411151                     /root/.gradle/caches/modules-2/files-2.1/com.android.tools/sdk-common/24.5.0/e9b9c057d8df82ee7bc682558fe21b2110b3e40a/sdk-common-24.5.0.jar
7f4ca1537000-7f4ca1541000 r--s 000ab000 08:01 411150                     /root/.gradle/caches/modules-2/files-2.1/com.android.tools/sdklib/24.5.0/473c60ca5786363b6b3ea944446cf41676207ca7/sdklib-24.5.0.jar
7f4ca1541000-7f4ca1542000 r--s 00002000 08:01 411148                     /root/.gradle/caches/modules-2/files-2.1/com.android.tools.build/builder-test-api/1.5.0/d9240c30b1bb243b4f57c48f734df2635fbd07e/builder-test-api-1.5.0.jar
7f4ca1542000-7f4ca1544000 r--s 00005000 08:01 411147                     /root/.gradle/caches/modules-2/files-2.1/com.android.tools.build/builder-model/1.5.0/51a48a2f4c1da923b0b8bb174e57bc68ee040889/builder-model-1.5.0.jar
7f4ca1544000-7f4ca1548000 r--s 0001e000 08:01 411145                     /root/.gradle/caches/modules-2/files-2.1/org.jacoco/org.jacoco.core/0.7.4.201502262128/31482f50411a3a5769b6c78fa9b97ba731c205e7/org.jacoco.core-0.7.4.201502262128.jar
7f4ca1548000-7f4ca1549000 r--s 00002000 08:01 411144                     /root/.gradle/caches/modules-2/files-2.1/net.sf.proguard/proguard-gradle/5.2.1/5e9956c050fd84fa043517e77c4c0ff175a6b002/proguard-gradle-5.2.1.jar
7f4ca1549000-7f4ca154d000 r--s 00026000 08:01 411143                     /root/.gradle/caches/modules-2/files-2.1/com.android.databinding/compilerCommon/1.0-rc5/3152caf6b493a20e5b0d63bb36f5322dbce6d10f/compilerCommon-1.0-rc5.jar
7f4ca154d000-7f4ca154f000 r--s 00001000 08:01 411141                     /root/.gradle/caches/modules-2/files-2.1/com.android.tools.build/transform-api/1.5.0/90f914a7972579a4cc726c9e0022878f6c675e2/transform-api-1.5.0.jar
7f4ca154f000-7f4ca1551000 r--s 00022000 08:01 411139                     /root/.gradle/caches/modules-2/files-2.1/com.android.tools.lint/lint/24.5.0/461d7d801b822cbeb7daf001924fe1c616ce9535/lint-24.5.0.jar
7f4ca1551000-7f4ca1557000 r--s 0005a000 08:01 411138                     /root/.gradle/caches/modules-2/files-2.1/com.android.tools.build/builder/1.5.0/1dcd59f6f3c90b2a8bc7156d091ad1b87a41beed/builder-1.5.0.jar
7f4ca1557000-7f4ca156e000 r--s 0012c000 08:01 411137                     /root/.gradle/caches/modules-2/files-2.1/com.android.tools.build/gradle-core/1.5.0/70915a3f0ef4243d4630ea23219f5445fac82700/gradle-core-1.5.0.jar
7f4ca156e000-7f4ca1570000 r--s 0000d000 08:01 411136                     /root/.gradle/caches/modules-2/files-2.1/com.android.tools.build/gradle/1.5.0/ca6476d93e374e70d0b7ca45ddc86151da840aa6/gradle-1.5.0.jar
7f4ca1570000-7f4ca1770000 rw-p 00000000 00:00 0 
7f4ca1770000-7f4ca1773000 ---p 00000000 00:00 0 
7f4ca1773000-7f4ca1a71000 rw-p 00000000 00:00 0                          [stack:8254]
7f4ca1a71000-7f4ca1c71000 rw-p 00000000 00:00 0 
7f4ca1c71000-7f4ca1c74000 ---p 00000000 00:00 0 
7f4ca1c74000-7f4ca1caa000 rw-p 00000000 00:00 0 
7f4ca1caa000-7f4ca1cab000 r--p 00000000 00:00 0 
7f4ca1cab000-7f4ca1eab000 rw-p 00000000 00:00 0 
7f4ca1eab000-7f4ca20ab000 rw-p 00000000 00:00 0 
7f4ca20ab000-7f4ca22ab000 rw-p 00000000 00:00 0 
7f4ca22ab000-7f4ca2324000 r--s 010e9000 08:01 692988                     /usr/lib/jvm/java-8-openjdk-amd64/lib/tools.jar
7f4ca2324000-7f4ca2327000 ---p 00000000 00:00 0 
7f4ca2327000-7f4ca2425000 rw-p 00000000 00:00 0                          [stack:11520]
7f4ca2425000-7f4ca242c000 r--s 00000000 08:01 799235                     /usr/lib/x86_64-linux-gnu/gconv/gconv-modules.cache
7f4ca242c000-7f4ca242f000 ---p 00000000 00:00 0 
7f4ca242f000-7f4ca252d000 rw-p 00000000 00:00 0                          [stack:11517]
7f4ca252d000-7f4ca2530000 ---p 00000000 00:00 0 
7f4ca2530000-7f4ca262e000 rw-p 00000000 00:00 0                          [stack:11516]
7f4ca262e000-7f4ca2631000 ---p 00000000 00:00 0 
7f4ca2631000-7f4ca272f000 rw-p 00000000 00:00 0                          [stack:11515]
7f4ca272f000-7f4ca2732000 ---p 00000000 00:00 0 
7f4ca2732000-7f4ca2a30000 rw-p 00000000 00:00 0                          [stack:11514]
7f4ca2a30000-7f4ca2a33000 ---p 00000000 00:00 0 
7f4ca2a33000-7f4ca2b31000 rw-p 00000000 00:00 0                          [stack:8244]
7f4ca2b31000-7f4ca2b42000 r-xp 00000000 08:01 803500                     /usr/lib/jvm/java-8-openjdk-amd64/jre/lib/amd64/libnio.so
7f4ca2b42000-7f4ca2d41000 ---p 00011000 08:01 803500                     /usr/lib/jvm/java-8-openjdk-amd64/jre/lib/amd64/libnio.so
7f4ca2d41000-7f4ca2d42000 r--p 00010000 08:01 803500                     /usr/lib/jvm/java-8-openjdk-amd64/jre/lib/amd64/libnio.so
7f4ca2d42000-7f4ca2d43000 rw-p 00011000 08:01 803500                     /usr/lib/jvm/java-8-openjdk-amd64/jre/lib/amd64/libnio.so
7f4ca2d43000-7f4ca2d59000 r-xp 00000000 08:01 803476                     /usr/lib/jvm/java-8-openjdk-amd64/jre/lib/amd64/libnet.so
7f4ca2d59000-7f4ca2f59000 ---p 00016000 08:01 803476                     /usr/lib/jvm/java-8-openjdk-amd64/jre/lib/amd64/libnet.so
7f4ca2f59000-7f4ca2f5a000 r--p 00016000 08:01 803476                     /usr/lib/jvm/java-8-openjdk-amd64/jre/lib/amd64/libnet.so
7f4ca2f5a000-7f4ca2f5b000 rw-p 00017000 08:01 803476                     /usr/lib/jvm/java-8-openjdk-amd64/jre/lib/amd64/libnet.so
7f4ca2f5b000-7f4ca2f5f000 r-xp 00000000 08:01 1307082                    /tmp/native-platform8401070162116580138dir/libnative-platform.so
7f4ca2f5f000-7f4ca315e000 ---p 00004000 08:01 1307082                    /tmp/native-platform8401070162116580138dir/libnative-platform.so
7f4ca315e000-7f4ca315f000 rw-p 00003000 08:01 1307082                    /tmp/native-platform8401070162116580138dir/libnative-platform.so
7f4ca315f000-7f4ca3163000 r--s 00097000 08:01 803538                     /usr/lib/jvm/java-8-openjdk-amd64/jre/lib/jsse.jar
7f4ca3163000-7f4ca3164000 r--s 00001000 08:01 956675                     /root/.gradle/wrapper/dists/gradle-2.2.1-all/2m8005s69iu8v0oiejfej094b/gradle-2.2.1/lib/plugins/gradle-plugin-development-2.2.1.jar
7f4ca3164000-7f4ca3166000 r--s 00002000 08:01 956674                     /root/.gradle/wrapper/dists/gradle-2.2.1-all/2m8005s69iu8v0oiejfej094b/gradle-2.2.1/lib/plugins/gradle-cunit-2.2.1.jar
7f4ca3166000-7f4ca316b000 r--s 00036000 08:01 956673                     /root/.gradle/wrapper/dists/gradle-2.2.1-all/2m8005s69iu8v0oiejfej094b/gradle-2.2.1/lib/plugins/gradle-ide-native-2.2.1.jar
7f4ca316b000-7f4ca3170000 r--s 00013000 08:01 956672                     /root/.gradle/wrapper/dists/gradle-2.2.1-all/2m8005s69iu8v0oiejfej094b/gradle-2.2.1/lib/plugins/gradle-language-native-2.2.1.jar
7f4ca3170000-7f4ca317b000 r--s 0004d000 08:01 956670                     /root/.gradle/wrapper/dists/gradle-2.2.1-all/2m8005s69iu8v0oiejfej094b/gradle-2.2.1/lib/plugins/gradle-platform-native-2.2.1.jar
7f4ca317b000-7f4ca317d000 r--s 00008000 08:01 956669                     /root/.gradle/wrapper/dists/gradle-2.2.1-all/2m8005s69iu8v0oiejfej094b/gradle-2.2.1/lib/plugins/gradle-language-groovy-2.2.1.jar
7f4ca317d000-7f4ca3182000 r--s 00022000 08:01 956667                     /root/.gradle/wrapper/dists/gradle-2.2.1-all/2m8005s69iu8v0oiejfej094b/gradle-2.2.1/lib/plugins/gradle-language-java-2.2.1.jar
7f4ca3182000-7f4ca3185000 r--s 00007000 08:01 956665                     /root/.gradle/wrapper/dists/gradle-2.2.1-all/2m8005s69iu8v0oiejfej094b/gradle-2.2.1/lib/plugins/gradle-language-jvm-2.2.1.jar
7f4ca3185000-7f4ca3188000 r--s 00009000 08:01 956662                     /root/.gradle/wrapper/dists/gradle-2.2.1-all/2m8005s69iu8v0oiejfej094b/gradle-2.2.1/lib/plugins/gradle-platform-jvm-2.2.1.jar
7f4ca3188000-7f4ca318d000 r--s 00018000 08:01 956660                     /root/.gradle/wrapper/dists/gradle-2.2.1-all/2m8005s69iu8v0oiejfej094b/gradle-2.2.1/lib/plugins/gradle-platform-base-2.2.1.jar
7f4ca318d000-7f4ca3192000 r--s 00026000 08:01 956658                     /root/.gradle/wrapper/dists/gradle-2.2.1-all/2m8005s69iu8v0oiejfej094b/gradle-2.2.1/lib/plugins/gradle-build-init-2.2.1.jar
7f4ca3192000-7f4ca3195000 r--s 0001d000 08:01 956644                     /root/.gradle/wrapper/dists/gradle-2.2.1-all/2m8005s69iu8v0oiejfej094b/gradle-2.2.1/lib/plugins/gradle-jacoco-2.2.1.jar
7f4ca3195000-7f4ca3198000 r--s 0000d000 08:01 956643                     /root/.gradle/wrapper/dists/gradle-2.2.1-all/2m8005s69iu8v0oiejfej094b/gradle-2.2.1/lib/plugins/gradle-ivy-2.2.1.jar
7f4ca3198000-7f4ca319a000 r--s 00002000 08:01 956641                     /root/.gradle/wrapper/dists/gradle-2.2.1-all/2m8005s69iu8v0oiejfej094b/gradle-2.2.1/lib/plugins/gradle-publish-2.2.1.jar
7f4ca319a000-7f4ca319c000 r--s 00005000 08:01 956715                     /root/.gradle/wrapper/dists/gradle-2.2.1-all/2m8005s69iu8v0oiejfej094b/gradle-2.2.1/lib/plugins/jatl-0.2.2.jar
7f4ca319c000-7f4ca319e000 r--s 0000f000 08:01 956640                     /root/.gradle/wrapper/dists/gradle-2.2.1-all/2m8005s69iu8v0oiejfej094b/gradle-2.2.1/lib/plugins/gradle-reporting-2.2.1.jar
7f4ca319e000-7f4ca31a3000 r--s 00034000 08:01 956637                     /root/.gradle/wrapper/dists/gradle-2.2.1-all/2m8005s69iu8v0oiejfej094b/gradle-2.2.1/lib/plugins/gradle-diagnostics-2.2.1.jar
7f4ca31a3000-7f4ca31aa000 r--s 00090000 08:01 956636                     /root/.gradle/wrapper/dists/gradle-2.2.1-all/2m8005s69iu8v0oiejfej094b/gradle-2.2.1/lib/plugins/gradle-build-comparison-2.2.1.jar
7f4ca31aa000-7f4ca31b1000 r--s 00035000 08:01 956714                     /root/.gradle/wrapper/dists/gradle-2.2.1-all/2m8005s69iu8v0oiejfej094b/gradle-2.2.1/lib/plugins/simple-4.1.21.jar
7f4ca31b1000-7f4ca31bd000 r--s 00100000 08:01 956712                     /root/.gradle/wrapper/dists/gradle-2.2.1-all/2m8005s69iu8v0oiejfej094b/gradle-2.2.1/lib/plugins/rhino-1.7R3.jar
7f4ca31bd000-7f4ca31c2000 r--s 0001f000 08:01 956633                     /root/.gradle/wrapper/dists/gradle-2.2.1-all/2m8005s69iu8v0oiejfej094b/gradle-2.2.1/lib/plugins/gradle-javascript-2.2.1.jar
7f4ca31c2000-7f4ca31c4000 r--s 0000e000 08:01 956631                     /root/.gradle/wrapper/dists/gradle-2.2.1-all/2m8005s69iu8v0oiejfej094b/gradle-2.2.1/lib/plugins/gradle-ear-2.2.1.jar
7f4ca31c4000-7f4ca31c8000 r--s 00025000 08:01 956711                     /root/.gradle/wrapper/dists/gradle-2.2.1-all/2m8005s69iu8v0oiejfej094b/gradle-2.2.1/lib/plugins/bcpg-jdk15-1.46.jar
7f4ca31c8000-7f4ca31cb000 r--s 0001d000 08:01 956629                     /root/.gradle/wrapper/dists/gradle-2.2.1-all/2m8005s69iu8v0oiejfej094b/gradle-2.2.1/lib/plugins/gradle-signing-2.2.1.jar
7f4ca31cb000-7f4ca31cc000 r--s 00002000 08:01 956710                     /root/.gradle/wrapper/dists/gradle-2.2.1-all/2m8005s69iu8v0oiejfej094b/gradle-2.2.1/lib/plugins/sonar-batch-bootstrapper-2.9.jar
7f4ca31cc000-7f4ca31cf000 r--s 00018000 08:01 956627                     /root/.gradle/wrapper/dists/gradle-2.2.1-all/2m8005s69iu8v0oiejfej094b/gradle-2.2.1/lib/plugins/gradle-sonar-2.2.1.jar
7f4ca31cf000-7f4ca31d2000 r--s 00017000 08:01 956625                     /root/.gradle/wrapper/dists/gradle-2.2.1-all/2m8005s69iu8v0oiejfej094b/gradle-2.2.1/lib/plugins/gradle-scala-2.2.1.jar
7f4ca31d2000-7f4ca31d4000 r--s 0000e000 08:01 956623                     /root/.gradle/wrapper/dists/gradle-2.2.1-all/2m8005s69iu8v0oiejfej094b/gradle-2.2.1/lib/plugins/gradle-announce-2.2.1.jar
7f4ca31d4000-7f4ca31e2000 r--s 000bc000 08:01 956621                     /root/.gradle/wrapper/dists/gradle-2.2.1-all/2m8005s69iu8v0oiejfej094b/gradle-2.2.1/lib/plugins/gradle-ide-2.2.1.jar
7f4ca31e2000-7f4ca31e4000 r--s 00000000 08:01 956707                     /root/.gradle/wrapper/dists/gradle-2.2.1-all/2m8005s69iu8v0oiejfej094b/gradle-2.2.1/lib/plugins/plexus-component-annotations-1.5.2.jar
7f4ca31e4000-7f4ca31e7000 r--s 0000c000 08:01 956706                     /root/.gradle/wrapper/dists/gradle-2.2.1-all/2m8005s69iu8v0oiejfej094b/gradle-2.2.1/lib/plugins/pmaven-groovy-0.8-20100325.jar
7f4ca31e7000-7f4ca31e8000 r--s 00004000 08:01 956704                     /root/.gradle/wrapper/dists/gradle-2.2.1-all/2m8005s69iu8v0oiejfej094b/gradle-2.2.1/lib/plugins/pmaven-common-0.8-20100325.jar
7f4ca31e8000-7f4ca31ec000 r--s 0001e000 08:01 956620                     /root/.gradle/wrapper/dists/gradle-2.2.1-all/2m8005s69iu8v0oiejfej094b/gradle-2.2.1/lib/plugins/gradle-maven-2.2.1.jar
7f4ca31ec000-7f4ca3204000 r--s 0013b000 08:01 956700                     /root/.gradle/wrapper/dists/gradle-2.2.1-all/2m8005s69iu8v0oiejfej094b/gradle-2.2.1/lib/plugins/bndlib-2.1.0.jar
7f4ca3204000-7f4ca3206000 r--s 00004000 08:01 956617                     /root/.gradle/wrapper/dists/gradle-2.2.1-all/2m8005s69iu8v0oiejfej094b/gradle-2.2.1/lib/plugins/gradle-osgi-2.2.1.jar
7f4ca3206000-7f4ca320b000 r--s 00068000 08:01 956698                     /root/.gradle/wrapper/dists/gradle-2.2.1-all/2m8005s69iu8v0oiejfej094b/gradle-2.2.1/lib/plugins/antlr-2.7.7.jar
7f4ca320b000-7f4ca320c000 r--s 00002000 08:01 956696                     /root/.gradle/wrapper/dists/gradle-2.2.1-all/2m8005s69iu8v0oiejfej094b/gradle-2.2.1/lib/plugins/ant-antlr-1.9.3.jar
7f4ca320c000-7f4ca320e000 r--s 00004000 08:01 956615                     /root/.gradle/wrapper/dists/gradle-2.2.1-all/2m8005s69iu8v0oiejfej094b/gradle-2.2.1/lib/plugins/gradle-antlr-2.2.1.jar
7f4ca320e000-7f4ca3211000 r--s 0001e000 08:01 956747                     /root/.gradle/wrapper/dists/gradle-2.2.1-all/2m8005s69iu8v0oiejfej094b/gradle-2.2.1/lib/plugins/jsp-api-2.1-6.1.14.jar
7f4ca3211000-7f4ca3234000 r--s 00344000 08:01 956746                     /root/.gradle/wrapper/dists/gradle-2.2.1-all/2m8005s69iu8v0oiejfej094b/gradle-2.2.1/lib/plugins/core-3.1.1.jar
7f4ca3234000-7f4ca3235000 r--s 00006000 08:01 956745                     /root/.gradle/wrapper/dists/gradle-2.2.1-all/2m8005s69iu8v0oiejfej094b/gradle-2.2.1/lib/plugins/jetty-naming-6.1.25.jar
7f4ca3235000-7f4ca3236000 r--s 00002000 08:01 956693                     /root/.gradle/wrapper/dists/gradle-2.2.1-all/2m8005s69iu8v0oiejfej094b/gradle-2.2.1/lib/plugins/geronimo-annotation_1.0_spec-1.0.jar
7f4ca3236000-7f4ca3238000 r--s 00002000 08:01 956691                     /root/.gradle/wrapper/dists/gradle-2.2.1-all/2m8005s69iu8v0oiejfej094b/gradle-2.2.1/lib/plugins/jetty-annotations-6.1.25.jar
7f4ca3238000-7f4ca3249000 r--s 000ea000 08:01 956689                     /root/.gradle/wrapper/dists/gradle-2.2.1-all/2m8005s69iu8v0oiejfej094b/gradle-2.2.1/lib/plugins/jsp-2.1-6.1.14.jar
7f4ca3249000-7f4ca324b000 r--s 0000d000 08:01 956686                     /root/.gradle/wrapper/dists/gradle-2.2.1-all/2m8005s69iu8v0oiejfej094b/gradle-2.2.1/lib/plugins/jetty-plus-6.1.25.jar
7f4ca324b000-7f4ca324d000 r--s 0001f000 08:01 956685                     /root/.gradle/wrapper/dists/gradle-2.2.1-all/2m8005s69iu8v0oiejfej094b/gradle-2.2.1/lib/plugins/servlet-api-2.5-20081211.jar
7f4ca324d000-7f4ca3251000 r--s 00028000 08:01 956684                     /root/.gradle/wrapper/dists/gradle-2.2.1-all/2m8005s69iu8v0oiejfej094b/gradle-2.2.1/lib/plugins/jetty-util-6.1.25.jar
7f4ca3251000-7f4ca3258000 r--s 0007d000 08:01 956683                     /root/.gradle/wrapper/dists/gradle-2.2.1-all/2m8005s69iu8v0oiejfej094b/gradle-2.2.1/lib/plugins/jetty-6.1.25.jar
7f4ca3258000-7f4ca325a000 r--s 00009000 08:01 956612                     /root/.gradle/wrapper/dists/gradle-2.2.1-all/2m8005s69iu8v0oiejfej094b/gradle-2.2.1/lib/plugins/gradle-jetty-2.2.1.jar
7f4ca325a000-7f4ca325f000 r--s 00041000 08:01 956611                     /root/.gradle/wrapper/dists/gradle-2.2.1-all/2m8005s69iu8v0oiejfej094b/gradle-2.2.1/lib/plugins/gradle-code-quality-2.2.1.jar
7f4ca325f000-7f4ca3261000 r--s 00009000 08:01 956755                     /root/.gradle/wrapper/dists/gradle-2.2.1-all/2m8005s69iu8v0oiejfej094b/gradle-2.2.1/lib/plugins/hamcrest-core-1.3.jar
7f4ca3261000-7f4ca3267000 r--s 00033000 08:01 956743                     /root/.gradle/wrapper/dists/gradle-2.2.1-all/2m8005s69iu8v0oiejfej094b/gradle-2.2.1/lib/plugins/snakeyaml-1.6.jar
7f4ca3267000-7f4ca3269000 r--s 00006000 08:01 956738                     /root/.gradle/wrapper/dists/gradle-2.2.1-all/2m8005s69iu8v0oiejfej094b/gradle-2.2.1/lib/plugins/jcommander-1.12.jar
7f4ca3269000-7f4ca326e000 r--s 00040000 08:01 956734                     /root/.gradle/wrapper/dists/gradle-2.2.1-all/2m8005s69iu8v0oiejfej094b/gradle-2.2.1/lib/plugins/bsh-2.0b4.jar
7f4ca326e000-7f4ca3270000 r--s 00009000 08:01 956681                     /root/.gradle/wrapper/dists/gradle-2.2.1-all/2m8005s69iu8v0oiejfej094b/gradle-2.2.1/lib/plugins/commons-cli-1.2.jar
7f4ca3270000-7f4ca3279000 r--s 00089000 08:01 956680                     /root/.gradle/wrapper/dists/gradle-2.2.1-all/2m8005s69iu8v0oiejfej094b/gradle-2.2.1/lib/plugins/testng-6.3.1.jar
7f4ca3279000-7f4ca327f000 r--s 00036000 08:01 956678                     /root/.gradle/wrapper/dists/gradle-2.2.1-all/2m8005s69iu8v0oiejfej094b/gradle-2.2.1/lib/plugins/junit-4.11.jar
7f4ca327f000-7f4ca328b000 r--s 00075000 08:01 956609                     /root/.gradle/wrapper/dists/gradle-2.2.1-all/2m8005s69iu8v0oiejfej094b/gradle-2.2.1/lib/plugins/gradle-plugins-2.2.1.jar
7f4ca328b000-7f4ca328e000 r--s 00011000 08:01 956676                     /root/.gradle/wrapper/dists/gradle-2.2.1-all/2m8005s69iu8v0oiejfej094b/gradle-2.2.1/lib/plugins/gradle-plugin-use-2.2.1.jar
7f4ca328e000-7f4ca32a6000 r--s 00115000 08:01 956753                     /root/.gradle/wrapper/dists/gradle-2.2.1-all/2m8005s69iu8v0oiejfej094b/gradle-2.2.1/lib/plugins/xercesImpl-2.9.1.jar
7f4ca32a6000-7f4ca32ae000 r--s 00028000 08:01 956754                     /root/.gradle/wrapper/dists/gradle-2.2.1-all/2m8005s69iu8v0oiejfej094b/gradle-2.2.1/lib/plugins/xml-apis-1.3.04.jar
7f4ca32ae000-7f4ca32b4000 r--s 0005b000 08:01 956752                     /root/.gradle/wrapper/dists/gradle-2.2.1-all/2m8005s69iu8v0oiejfej094b/gradle-2.2.1/lib/plugins/jcifs-1.3.17.jar
7f4ca32b4000-7f4ca32ba000 r--s 00031000 08:01 956751                     /root/.gradle/wrapper/dists/gradle-2.2.1-all/2m8005s69iu8v0oiejfej094b/gradle-2.2.1/lib/plugins/httpcore-4.2.2.jar
7f4ca32ba000-7f4ca32c0000 r--s 00033000 08:01 956750                     /root/.gradle/wrapper/dists/gradle-2.2.1-all/2m8005s69iu8v0oiejfej094b/gradle-2.2.1/lib/plugins/commons-codec-1.6.jar
7f4ca32c0000-7f4ca32c3000 r--s 0001c000 08:01 956749                     /root/.gradle/wrapper/dists/gradle-2.2.1-all/2m8005s69iu8v0oiejfej094b/gradle-2.2.1/lib/plugins/nekohtml-1.9.14.jar
7f4ca32c3000-7f4ca32cc000 r--s 00060000 08:01 956748                     /root/.gradle/wrapper/dists/gradle-2.2.1-all/2m8005s69iu8v0oiejfej094b/gradle-2.2.1/lib/plugins/httpclient-4.2.2.jar
7f4ca32cc000-7f4ca32ce000 r--s 00007000 08:01 956716                     /root/.gradle/wrapper/dists/gradle-2.2.1-all/2m8005s69iu8v0oiejfej094b/gradle-2.2.1/lib/plugins/gradle-resources-http-2.2.1.jar
7f4ca32ce000-7f4ca32f6000 r--s 00194000 08:01 956731                     /root/.gradle/wrapper/dists/gradle-2.2.1-all/2m8005s69iu8v0oiejfej094b/gradle-2.2.1/lib/plugins/bcprov-jdk15-1.46.jar
7f4ca32f6000-7f4ca32fa000 r--s 0001d000 08:01 956728                     /root/.gradle/wrapper/dists/gradle-2.2.1-all/2m8005s69iu8v0oiejfej094b/gradle-2.2.1/lib/plugins/xbean-reflect-3.4.jar
7f4ca32fa000-7f4ca32ff000 r--s 0002a000 08:01 956713                     /root/.gradle/wrapper/dists/gradle-2.2.1-all/2m8005s69iu8v0oiejfej094b/gradle-2.2.1/lib/plugins/gson-2.2.4.jar
7f4ca32ff000-7f4ca3303000 r--s 0003d000 08:01 956725                     /root/.gradle/wrapper/dists/gradle-2.2.1-all/2m8005s69iu8v0oiejfej094b/gradle-2.2.1/lib/plugins/jsch-0.1.51.jar
7f4ca3303000-7f4ca331c000 r--s 00129000 08:01 956702                     /root/.gradle/wrapper/dists/gradle-2.2.1-all/2m8005s69iu8v0oiejfej094b/gradle-2.2.1/lib/plugins/maven-ant-tasks-2.1.3.jar
7f4ca331c000-7f4ca332b000 r--s 000d9000 08:01 956721                     /root/.gradle/wrapper/dists/gradle-2.2.1-all/2m8005s69iu8v0oiejfej094b/gradle-2.2.1/lib/plugins/ivy-2.2.0.jar
7f4ca332b000-7f4ca332f000 r--s 0001e000 08:01 956608                     /root/.gradle/wrapper/dists/gradle-2.2.1-all/2m8005s69iu8v0oiejfej094b/gradle-2.2.1/lib/plugins/jarjar-aether-impl-1.13.1.jar
7f4ca332f000-7f4ca3332000 r--s 00027000 08:01 956604                     /root/.gradle/wrapper/dists/gradle-2.2.1-all/2m8005s69iu8v0oiejfej094b/gradle-2.2.1/lib/plugins/jarjar-maven-model-3.0.4.jar
7f4ca3332000-7f4ca3335000 r--s 0000b000 08:01 956602                     /root/.gradle/wrapper/dists/gradle-2.2.1-all/2m8005s69iu8v0oiejfej094b/gradle-2.2.1/lib/plugins/jarjar-maven-artifact-3.0.4.jar
7f4ca3335000-7f4ca3339000 r--s 0001e000 08:01 956587                     /root/.gradle/wrapper/dists/gradle-2.2.1-all/2m8005s69iu8v0oiejfej094b/gradle-2.2.1/lib/plugins/jarjar-aether-util-1.13.1.jar
7f4ca3339000-7f4ca333b000 r--s 00007000 08:01 956583                     /root/.gradle/wrapper/dists/gradle-2.2.1-all/2m8005s69iu8v0oiejfej094b/gradle-2.2.1/lib/plugins/jarjar-wagon-http-shared4-2.4.jar
7f4ca333b000-7f4ca3348000 r--s 00083000 08:01 956575                     /root/.gradle/wrapper/dists/gradle-2.2.1-all/2m8005s69iu8v0oiejfej094b/gradle-2.2.1/lib/plugins/jarjar-maven-core-3.0.4.jar
7f4ca3348000-7f4ca334a000 r--s 00003000 08:01 956573                     /root/.gradle/wrapper/dists/gradle-2.2.1-all/2m8005s69iu8v0oiejfej094b/gradle-2.2.1/lib/plugins/jarjar-aether-spi-1.13.1.jar
7f4ca334a000-7f4ca334c000 r--s 00009000 08:01 956570                     /root/.gradle/wrapper/dists/gradle-2.2.1-all/2m8005s69iu8v0oiejfej094b/gradle-2.2.1/lib/plugins/jarjar-maven-settings-builder-3.0.4.jar
7f4ca334c000-7f4ca3350000 r--s 00014000 08:01 956567                     /root/.gradle/wrapper/dists/gradle-2.2.1-all/2m8005s69iu8v0oiejfej094b/gradle-2.2.1/lib/plugins/jarjar-aether-api-1.13.1.jar
7f4ca3350000-7f4ca3351000 r--s 00002000 08:01 956563                     /root/.gradle/wrapper/dists/gradle-2.2.1-all/2m8005s69iu8v0oiejfej094b/gradle-2.2.1/lib/plugins/jarjar-wagon-http-2.4.jar
7f4ca3351000-7f4ca3358000 r--s 00042000 08:01 956562                     /root/.gradle/wrapper/dists/gradle-2.2.1-all/2m8005s69iu8v0oiejfej094b/gradle-2.2.1/lib/plugins/jarjar-maven-compat-3.0.4.jar
7f4ca3358000-7f4ca335a000 r--s 00006000 08:01 956560                     /root/.gradle/wrapper/dists/gradle-2.2.1-all/2m8005s69iu8v0oiejfej094b/gradle-2.2.1/lib/plugins/jarjar-aether-connector-wagon-1.13.1.jar
7f4ca335a000-7f4ca335c000 r--s 00000000 08:01 956557                     /root/.gradle/wrapper/dists/gradle-2.2.1-all/2m8005s69iu8v0oiejfej094b/gradle-2.2.1/lib/plugins/jarjar-plexus-component-annotations-1.5.5.jar
7f4ca335c000-7f4ca335e000 r--s 00006000 08:01 956553                     /root/.gradle/wrapper/dists/gradle-2.2.1-all/2m8005s69iu8v0oiejfej094b/gradle-2.2.1/lib/plugins/jarjar-plexus-sec-dispatcher-1.3.jar
7f4ca335e000-7f4ca3363000 r--s 00022000 08:01 956550                     /root/.gradle/wrapper/dists/gradle-2.2.1-all/2m8005s69iu8v0oiejfej094b/gradle-2.2.1/lib/plugins/jarjar-maven-model-builder-3.0.4.jar
7f4ca3363000-7f4ca3365000 r--s 0000b000 08:01 956549                     /root/.gradle/wrapper/dists/gradle-2.2.1-all/2m8005s69iu8v0oiejfej094b/gradle-2.2.1/lib/plugins/jarjar-maven-plugin-api-3.0.4.jar
7f4ca3365000-7f4ca3368000 r--s 0000a000 08:01 956547                     /root/.gradle/wrapper/dists/gradle-2.2.1-all/2m8005s69iu8v0oiejfej094b/gradle-2.2.1/lib/plugins/jarjar-plexus-classworlds-2.4.jar
7f4ca3368000-7f4ca336c000 r--s 00035000 08:01 956544                     /root/.gradle/wrapper/dists/gradle-2.2.1-all/2m8005s69iu8v0oiejfej094b/gradle-2.2.1/lib/plugins/jarjar-plexus-utils-2.0.6.jar
7f4ca336c000-7f4ca336e000 r--s 0000e000 08:01 956542                     /root/.gradle/wrapper/dists/gradle-2.2.1-all/2m8005s69iu8v0oiejfej094b/gradle-2.2.1/lib/plugins/jarjar-plexus-interpolation-1.14.jar
7f4ca336e000-7f4ca3370000 r--s 00002000 08:01 956540                     /root/.gradle/wrapper/dists/gradle-2.2.1-all/2m8005s69iu8v0oiejfej094b/gradle-2.2.1/lib/plugins/jarjar-plexus-cipher-1.7.jar
7f4ca3370000-7f4ca3372000 r--s 0000c000 08:01 956539                     /root/.gradle/wrapper/dists/gradle-2.2.1-all/2m8005s69iu8v0oiejfej094b/gradle-2.2.1/lib/plugins/jarjar-wagon-provider-api-2.4.jar
7f4ca3372000-7f4ca3374000 r--s 0000d000 08:01 956536                     /root/.gradle/wrapper/dists/gradle-2.2.1-all/2m8005s69iu8v0oiejfej094b/gradle-2.2.1/lib/plugins/jarjar-maven-aether-provider-3.0.4.jar
7f4ca3374000-7f4ca337c000 r--s 00031000 08:01 956534                     /root/.gradle/wrapper/dists/gradle-2.2.1-all/2m8005s69iu8v0oiejfej094b/gradle-2.2.1/lib/plugins/jarjar-plexus-container-default-1.5.5.jar
7f4ca337c000-7f4ca337d000 r--s 00007000 08:01 956531                     /root/.gradle/wrapper/dists/gradle-2.2.1-all/2m8005s69iu8v0oiejfej094b/gradle-2.2.1/lib/plugins/jarjar-maven-repository-metadata-3.0.4.jar
7f4ca337d000-7f4ca337e000 r--s 0000b000 08:01 956530                     /root/.gradle/wrapper/dists/gradle-2.2.1-all/2m8005s69iu8v0oiejfej094b/gradle-2.2.1/lib/plugins/jarjar-maven-settings-3.0.4.jar
7f4ca337e000-7f4ca3396000 r--s 000b5000 08:01 956677                     /root/.gradle/wrapper/dists/gradle-2.2.1-all/2m8005s69iu8v0oiejfej094b/gradle-2.2.1/lib/plugins/gradle-dependency-management-2.2.1.jar
7f4ca3396000-7f4ca3397000 r--p 00000000 08:01 930329                     /usr/share/locale-langpack/en_GB/LC_MESSAGES/libc.mo
7f4ca3397000-7f4ca3398000 r--s 00005000 08:01 955406                     /root/.gradle/wrapper/dists/gradle-2.2.1-all/2m8005s69iu8v0oiejfej094b/gradle-2.2.1/lib/gradle-wrapper-2.2.1.jar
7f4ca3398000-7f4ca33a1000 r--s 0002c000 08:01 955558                     /root/.gradle/wrapper/dists/gradle-2.2.1-all/2m8005s69iu8v0oiejfej094b/gradle-2.2.1/lib/gradle-tooling-api-2.2.1.jar
7f4ca33a1000-7f4ca33a3000 r--s 00002000 08:01 956464                     /root/.gradle/wrapper/dists/gradle-2.2.1-all/2m8005s69iu8v0oiejfej094b/gradle-2.2.1/lib/gradle-open-api-2.2.1.jar
7f4ca33a3000-7f4ca33a9000 r--s 00032000 08:01 956467                     /root/.gradle/wrapper/dists/gradle-2.2.1-all/2m8005s69iu8v0oiejfej094b/gradle-2.2.1/lib/jaxen-1.1.jar
7f4ca33a9000-7f4ca33ae000 r--s 00048000 08:01 956465                     /root/.gradle/wrapper/dists/gradle-2.2.1-all/2m8005s69iu8v0oiejfej094b/gradle-2.2.1/lib/dom4j-1.6.1.jar
7f4ca33ae000-7f4ca33b9000 r--s 00059000 08:01 955522                     /root/.gradle/wrapper/dists/gradle-2.2.1-all/2m8005s69iu8v0oiejfej094b/gradle-2.2.1/lib/gradle-ui-2.2.1.jar
7f4ca33b9000-7f4ca33bb000 r--s 00006000 08:01 956455                     /root/.gradle/wrapper/dists/gradle-2.2.1-all/2m8005s69iu8v0oiejfej094b/gradle-2.2.1/lib/gradle-resources-2.2.1.jar
7f4ca33bb000-7f4ca33bd000 r--s 00007000 08:01 956488                     /root/.gradle/wrapper/dists/gradle-2.2.1-all/2m8005s69iu8v0oiejfej094b/gradle-2.2.1/lib/objenesis-1.2.jar
7f4ca33bd000-7f4ca33bf000 r--s 00000000 08:01 956486                     /root/.gradle/wrapper/dists/gradle-2.2.1-all/2m8005s69iu8v0oiejfej094b/gradle-2.2.1/lib/minlog-1.2.jar
7f4ca33bf000-7f4ca33c3000 r--s 00026000 08:01 956473                     /root/.gradle/wrapper/dists/gradle-2.2.1-all/2m8005s69iu8v0oiejfej094b/gradle-2.2.1/lib/kryo-2.20.jar
7f4ca33c3000-7f4ca342e000 r--s 00685000 08:01 956415                     /root/.gradle/wrapper/dists/gradle-2.2.1-all/2m8005s69iu8v0oiejfej094b/gradle-2.2.1/lib/groovy-all-2.3.6.jar
7f4ca342e000-7f4ca342f000 ---p 00000000 00:00 0 
7f4ca342f000-7f4ca352f000 rw-p 00000000 00:00 0                          [stack:8243]
7f4ca352f000-7f4ca3532000 ---p 00000000 00:00 0 
7f4ca3532000-7f4ca3630000 rw-p 00000000 00:00 0                          [stack:8242]
7f4ca3630000-7f4ca3633000 ---p 00000000 00:00 0 
7f4ca3633000-7f4ca3731000 rw-p 00000000 00:00 0                          [stack:8241]
7f4ca3731000-7f4ca3734000 ---p 00000000 00:00 0 
7f4ca3734000-7f4ca3832000 rw-p 00000000 00:00 0                          [stack:8240]
7f4ca3832000-7f4ca3835000 ---p 00000000 00:00 0 
7f4ca3835000-7f4ca3933000 rw-p 00000000 00:00 0                          [stack:8239]
7f4ca3933000-7f4ca3bfc000 r--p 00000000 08:01 397896                     /usr/lib/locale/locale-archive
7f4ca3bfc000-7f4ca3bff000 ---p 00000000 00:00 0 
7f4ca3bff000-7f4ca3cfd000 rw-p 00000000 00:00 0                          [stack:8238]
7f4ca3cfd000-7f4ca3d00000 ---p 00000000 00:00 0 
7f4ca3d00000-7f4ca3dfe000 rw-p 00000000 00:00 0                          [stack:8237]
7f4ca3dfe000-7f4ca3dff000 ---p 00000000 00:00 0 
7f4ca3dff000-7f4ca4000000 rw-p 00000000 00:00 0                          [stack:8236]
7f4ca4000000-7f4ca4021000 rw-p 00000000 00:00 0 
7f4ca4021000-7f4ca8000000 ---p 00000000 00:00 0 
7f4ca8000000-7f4ca8002000 r--s 0000f000 08:01 956485                     /root/.gradle/wrapper/dists/gradle-2.2.1-all/2m8005s69iu8v0oiejfej094b/gradle-2.2.1/lib/reflectasm-1.07-shaded.jar
7f4ca8002000-7f4ca800b000 r--s 00039000 08:01 956452                     /root/.gradle/wrapper/dists/gradle-2.2.1-all/2m8005s69iu8v0oiejfej094b/gradle-2.2.1/lib/gradle-messaging-2.2.1.jar
7f4ca800b000-7f4ca800c000 r--s 00003000 08:01 956482                     /root/.gradle/wrapper/dists/gradle-2.2.1-all/2m8005s69iu8v0oiejfej094b/gradle-2.2.1/lib/native-platform-freebsd-amd64-0.10.jar
7f4ca800c000-7f4ca800d000 r--s 00003000 08:01 956481                     /root/.gradle/wrapper/dists/gradle-2.2.1-all/2m8005s69iu8v0oiejfej094b/gradle-2.2.1/lib/native-platform-freebsd-i386-0.10.jar
7f4ca800d000-7f4ca800e000 r--s 00005000 08:01 956480                     /root/.gradle/wrapper/dists/gradle-2.2.1-all/2m8005s69iu8v0oiejfej094b/gradle-2.2.1/lib/native-platform-windows-i386-0.10.jar
7f4ca800e000-7f4ca800f000 r--s 00005000 08:01 956479                     /root/.gradle/wrapper/dists/gradle-2.2.1-all/2m8005s69iu8v0oiejfej094b/gradle-2.2.1/lib/native-platform-windows-amd64-0.10.jar
7f4ca800f000-7f4ca8010000 r--s 00003000 08:01 956478                     /root/.gradle/wrapper/dists/gradle-2.2.1-all/2m8005s69iu8v0oiejfej094b/gradle-2.2.1/lib/native-platform-linux-i386-0.10.jar
7f4ca8010000-7f4ca8011000 r--s 00003000 08:01 956477                     /root/.gradle/wrapper/dists/gradle-2.2.1-all/2m8005s69iu8v0oiejfej094b/gradle-2.2.1/lib/native-platform-linux-amd64-0.10.jar
7f4ca8011000-7f4ca8012000 r--s 00002000 08:01 956475                     /root/.gradle/wrapper/dists/gradle-2.2.1-all/2m8005s69iu8v0oiejfej094b/gradle-2.2.1/lib/native-platform-osx-amd64-0.10.jar
7f4ca8012000-7f4ca8013000 r--s 00002000 08:01 956474                     /root/.gradle/wrapper/dists/gradle-2.2.1-all/2m8005s69iu8v0oiejfej094b/gradle-2.2.1/lib/native-platform-osx-i386-0.10.jar
7f4ca8013000-7f4ca8015000 r--s 00008000 08:01 956471                     /root/.gradle/wrapper/dists/gradle-2.2.1-all/2m8005s69iu8v0oiejfej094b/gradle-2.2.1/lib/jansi-1.2.1.jar
7f4ca8015000-7f4ca8018000 r--s 0000d000 08:01 956470                     /root/.gradle/wrapper/dists/gradle-2.2.1-all/2m8005s69iu8v0oiejfej094b/gradle-2.2.1/lib/native-platform-0.10.jar
7f4ca8018000-7f4ca801c000 r--s 000e4000 08:01 956468                     /root/.gradle/wrapper/dists/gradle-2.2.1-all/2m8005s69iu8v0oiejfej094b/gradle-2.2.1/lib/jna-3.2.7.jar
7f4ca801c000-7f4ca801e000 r--s 00008000 08:01 955628                     /root/.gradle/wrapper/dists/gradle-2.2.1-all/2m8005s69iu8v0oiejfej094b/gradle-2.2.1/lib/gradle-native-2.2.1.jar
7f4ca801e000-7f4ca8020000 r--s 00005000 08:01 955490                     /root/.gradle/wrapper/dists/gradle-2.2.1-all/2m8005s69iu8v0oiejfej094b/gradle-2.2.1/lib/gradle-cli-2.2.1.jar
7f4ca8020000-7f4ca8022000 r--s 00003000 08:01 956448                     /root/.gradle/wrapper/dists/gradle-2.2.1-all/2m8005s69iu8v0oiejfej094b/gradle-2.2.1/lib/gradle-base-services-groovy-2.2.1.jar
7f4ca8022000-7f4ca8024000 r--s 0000a000 08:01 956422                     /root/.gradle/wrapper/dists/gradle-2.2.1-all/2m8005s69iu8v0oiejfej094b/gradle-2.2.1/lib/gradle-model-groovy-2.2.1.jar
7f4ca8024000-7f4ca8028000 r--s 0001b000 08:01 956419                     /root/.gradle/wrapper/dists/gradle-2.2.1-all/2m8005s69iu8v0oiejfej094b/gradle-2.2.1/lib/gradle-model-core-2.2.1.jar
7f4ca8028000-7f4ca8029000 r--s 00000000 08:01 956457                     /root/.gradle/wrapper/dists/gradle-2.2.1-all/2m8005s69iu8v0oiejfej094b/gradle-2.2.1/lib/gradle-docs-2.2.1.jar
7f4ca8029000-7f4ca802b000 r--s 00003000 08:01 956462                     /root/.gradle/wrapper/dists/gradle-2.2.1-all/2m8005s69iu8v0oiejfej094b/gradle-2.2.1/lib/jcl-over-slf4j-1.7.7.jar
7f4ca802b000-7f4ca802c000 r--s 00005000 08:01 956461                     /root/.gradle/wrapper/dists/gradle-2.2.1-all/2m8005s69iu8v0oiejfej094b/gradle-2.2.1/lib/log4j-over-slf4j-1.7.7.jar
7f4ca802c000-7f4ca802d000 r--s 00000000 08:01 956446                     /root/.gradle/wrapper/dists/gradle-2.2.1-all/2m8005s69iu8v0oiejfej094b/gradle-2.2.1/lib/javax.inject-1.jar
7f4ca802d000-7f4ca8030000 r--s 0001b000 08:01 956443                     /root/.gradle/wrapper/dists/gradle-2.2.1-all/2m8005s69iu8v0oiejfej094b/gradle-2.2.1/lib/jarjar-1.3.jar
7f4ca8030000-7f4ca8032000 r--s 00000000 08:01 956441                     /root/.gradle/wrapper/dists/gradle-2.2.1-all/2m8005s69iu8v0oiejfej094b/gradle-2.2.1/lib/jul-to-slf4j-1.7.7.jar
7f4ca8032000-7f4ca8038000 r--s 0003b000 08:01 956436                     /root/.gradle/wrapper/dists/gradle-2.2.1-all/2m8005s69iu8v0oiejfej094b/gradle-2.2.1/lib/logback-classic-1.0.13.jar
7f4ca8038000-7f4ca8042000 r--s 0005d000 08:01 956434                     /root/.gradle/wrapper/dists/gradle-2.2.1-all/2m8005s69iu8v0oiejfej094b/gradle-2.2.1/lib/logback-core-1.0.13.jar
7f4ca8042000-7f4ca8047000 r--s 00041000 08:01 956432                     /root/.gradle/wrapper/dists/gradle-2.2.1-all/2m8005s69iu8v0oiejfej094b/gradle-2.2.1/lib/commons-lang-2.6.jar
7f4ca8047000-7f4ca804a000 r--s 00018000 08:01 956431                     /root/.gradle/wrapper/dists/gradle-2.2.1-all/2m8005s69iu8v0oiejfej094b/gradle-2.2.1/lib/commons-io-1.4.jar
7f4ca804a000-7f4ca8058000 r--s 0007f000 08:01 956427                     /root/.gradle/wrapper/dists/gradle-2.2.1-all/2m8005s69iu8v0oiejfej094b/gradle-2.2.1/lib/commons-collections-3.2.1.jar
7f4ca8058000-7f4ca805d000 r--s 00036000 08:01 956424                     /root/.gradle/wrapper/dists/gradle-2.2.1-all/2m8005s69iu8v0oiejfej094b/gradle-2.2.1/lib/asm-all-5.0.3.jar
7f4ca805d000-7f4ca8085000 r--s 001cf000 08:01 956381                     /root/.gradle/wrapper/dists/gradle-2.2.1-all/2m8005s69iu8v0oiejfej094b/gradle-2.2.1/lib/guava-jdk5-17.0.jar
7f4ca8085000-7f4ca8087000 r--s 00006000 08:01 955635                     /root/.gradle/wrapper/dists/gradle-2.2.1-all/2m8005s69iu8v0oiejfej094b/gradle-2.2.1/lib/slf4j-api-1.7.7.jar
7f4ca8087000-7f4ca80a6000 r--s 001cc000 08:01 956426                     /root/.gradle/wrapper/dists/gradle-2.2.1-all/2m8005s69iu8v0oiejfej094b/gradle-2.2.1/lib/ant-1.9.3.jar
7f4ca80a6000-7f4ca80ac000 r--s 00026000 08:01 955429                     /root/.gradle/wrapper/dists/gradle-2.2.1-all/2m8005s69iu8v0oiejfej094b/gradle-2.2.1/lib/gradle-base-services-2.2.1.jar
7f4ca80ac000-7f4ca80dd000 r--s 00191000 08:01 955452                     /root/.gradle/wrapper/dists/gradle-2.2.1-all/2m8005s69iu8v0oiejfej094b/gradle-2.2.1/lib/gradle-core-2.2.1.jar
7f4ca80dd000-7f4ca80f9000 r--s 00393000 08:01 803529                     /usr/lib/jvm/java-8-openjdk-amd64/jre/lib/ext/cldrdata.jar
7f4ca80f9000-7f4ca9000000 rw-p 00000000 00:00 0 
7f4ca9000000-7f4caafb0000 rwxp 00000000 00:00 0 
7f4caafb0000-7f4cb8000000 ---p 00000000 00:00 0 
7f4cb8000000-7f4cb8b64000 rw-p 00000000 00:00 0 
7f4cb8b64000-7f4cbc000000 ---p 00000000 00:00 0 
7f4cbc000000-7f4cbc001000 r--s 00000000 08:01 956440                     /root/.gradle/wrapper/dists/gradle-2.2.1-all/2m8005s69iu8v0oiejfej094b/gradle-2.2.1/lib/jcip-annotations-1.0.jar
7f4cbc001000-7f4cbc002000 r--s 00004000 08:01 956472                     /root/.gradle/wrapper/dists/gradle-2.2.1-all/2m8005s69iu8v0oiejfej094b/gradle-2.2.1/lib/ant-launcher-1.9.3.jar
7f4cbc002000-7f4cbc00a000 r--s 0003c000 08:01 955392                     /root/.gradle/wrapper/dists/gradle-2.2.1-all/2m8005s69iu8v0oiejfej094b/gradle-2.2.1/lib/gradle-launcher-2.2.1.jar
7f4cbc00a000-7f4cbc00e000 r--s 00037000 08:01 803536                     /usr/lib/jvm/java-8-openjdk-amd64/jre/lib/ext/sunpkcs11.jar
7f4cbc00e000-7f4cbc014000 r--s 0003a000 08:01 803533                     /usr/lib/jvm/java-8-openjdk-amd64/jre/lib/ext/sunjce_provider.jar
7f4cbc014000-7f4cbc02f000 r--s 001d7000 08:01 803527                     /usr/lib/jvm/java-8-openjdk-amd64/jre/lib/ext/nashorn.jar
7f4cbc02f000-7f4cbc19e000 rw-p 00000000 00:00 0 
7f4cbc19e000-7f4cbc36b000 r--s 03be7000 08:01 803515                     /usr/lib/jvm/java-8-openjdk-amd64/jre/lib/rt.jar
7f4cbc36b000-7f4cbe5e1000 rw-p 00000000 00:00 0 
7f4cbe5e1000-7f4cbe5e2000 ---p 00000000 00:00 0 
7f4cbe5e2000-7f4cbe6e2000 rw-p 00000000 00:00 0                          [stack:8235]
7f4cbe6e2000-7f4cbe6e3000 ---p 00000000 00:00 0 
7f4cbe6e3000-7f4cbe80e000 rw-p 00000000 00:00 0                          [stack:8233]
7f4cbe80e000-7f4cbe939000 ---p 00000000 00:00 0 
7f4cbe939000-7f4cbe964000 rw-p 00000000 00:00 0 
7f4cbe964000-7f4cbea8e000 ---p 00000000 00:00 0 
7f4cbea8e000-7f4cbeb39000 rw-p 00000000 00:00 0 
7f4cbeb39000-7f4cbebb9000 rw-p 00000000 00:00 0 
7f4cbebb9000-7f4cbeefa000 ---p 00000000 00:00 0 
7f4cbeefa000-7f4cbef02000 r-xp 00000000 08:01 803483                     /usr/lib/jvm/java-8-openjdk-amd64/jre/lib/amd64/libzip.so
7f4cbef02000-7f4cbf101000 ---p 00008000 08:01 803483                     /usr/lib/jvm/java-8-openjdk-amd64/jre/lib/amd64/libzip.so
7f4cbf101000-7f4cbf102000 r--p 00007000 08:01 803483                     /usr/lib/jvm/java-8-openjdk-amd64/jre/lib/amd64/libzip.so
7f4cbf102000-7f4cbf103000 rw-p 00008000 08:01 803483                     /usr/lib/jvm/java-8-openjdk-amd64/jre/lib/amd64/libzip.so
7f4cbf103000-7f4cbf10d000 r-xp 00000000 08:01 268282                     /lib/x86_64-linux-gnu/libnss_files-2.19.so
7f4cbf10d000-7f4cbf30c000 ---p 0000a000 08:01 268282                     /lib/x86_64-linux-gnu/libnss_files-2.19.so
7f4cbf30c000-7f4cbf30d000 r--p 00009000 08:01 268282                     /lib/x86_64-linux-gnu/libnss_files-2.19.so
7f4cbf30d000-7f4cbf30e000 rw-p 0000a000 08:01 268282                     /lib/x86_64-linux-gnu/libnss_files-2.19.so
7f4cbf30e000-7f4cbf319000 r-xp 00000000 08:01 268245                     /lib/x86_64-linux-gnu/libnss_nis-2.19.so
7f4cbf319000-7f4cbf518000 ---p 0000b000 08:01 268245                     /lib/x86_64-linux-gnu/libnss_nis-2.19.so
7f4cbf518000-7f4cbf519000 r--p 0000a000 08:01 268245                     /lib/x86_64-linux-gnu/libnss_nis-2.19.so
7f4cbf519000-7f4cbf51a000 rw-p 0000b000 08:01 268245                     /lib/x86_64-linux-gnu/libnss_nis-2.19.so
7f4cbf51a000-7f4cbf531000 r-xp 00000000 08:01 268173                     /lib/x86_64-linux-gnu/libnsl-2.19.so
7f4cbf531000-7f4cbf730000 ---p 00017000 08:01 268173                     /lib/x86_64-linux-gnu/libnsl-2.19.so
7f4cbf730000-7f4cbf731000 r--p 00016000 08:01 268173                     /lib/x86_64-linux-gnu/libnsl-2.19.so
7f4cbf731000-7f4cbf732000 rw-p 00017000 08:01 268173                     /lib/x86_64-linux-gnu/libnsl-2.19.so
7f4cbf732000-7f4cbf734000 rw-p 00000000 00:00 0 
7f4cbf734000-7f4cbf73d000 r-xp 00000000 08:01 268164                     /lib/x86_64-linux-gnu/libnss_compat-2.19.so
7f4cbf73d000-7f4cbf93c000 ---p 00009000 08:01 268164                     /lib/x86_64-linux-gnu/libnss_compat-2.19.so
7f4cbf93c000-7f4cbf93d000 r--p 00008000 08:01 268164                     /lib/x86_64-linux-gnu/libnss_compat-2.19.so
7f4cbf93d000-7f4cbf93e000 rw-p 00009000 08:01 268164                     /lib/x86_64-linux-gnu/libnss_compat-2.19.so
7f4cbf93e000-7f4cbf96a000 r-xp 00000000 08:01 803468                     /usr/lib/jvm/java-8-openjdk-amd64/jre/lib/amd64/libjava.so
7f4cbf96a000-7f4cbfb6a000 ---p 0002c000 08:01 803468                     /usr/lib/jvm/java-8-openjdk-amd64/jre/lib/amd64/libjava.so
7f4cbfb6a000-7f4cbfb6b000 r--p 0002c000 08:01 803468                     /usr/lib/jvm/java-8-openjdk-amd64/jre/lib/amd64/libjava.so
7f4cbfb6b000-7f4cbfb6d000 rw-p 0002d000 08:01 803468                     /usr/lib/jvm/java-8-openjdk-amd64/jre/lib/amd64/libjava.so
7f4cbfb6d000-7f4cbfb7d000 r-xp 00000000 08:01 803469                     /usr/lib/jvm/java-8-openjdk-amd64/jre/lib/amd64/libverify.so
7f4cbfb7d000-7f4cbfd7c000 ---p 00010000 08:01 803469                     /usr/lib/jvm/java-8-openjdk-amd64/jre/lib/amd64/libverify.so
7f4cbfd7c000-7f4cbfd7e000 r--p 0000f000 08:01 803469                     /usr/lib/jvm/java-8-openjdk-amd64/jre/lib/amd64/libverify.so
7f4cbfd7e000-7f4cbfd7f000 rw-p 00011000 08:01 803469                     /usr/lib/jvm/java-8-openjdk-amd64/jre/lib/amd64/libverify.so
7f4cbfd7f000-7f4cbfd86000 r-xp 00000000 08:01 268270                     /lib/x86_64-linux-gnu/librt-2.19.so
7f4cbfd86000-7f4cbff85000 ---p 00007000 08:01 268270                     /lib/x86_64-linux-gnu/librt-2.19.so
7f4cbff85000-7f4cbff86000 r--p 00006000 08:01 268270                     /lib/x86_64-linux-gnu/librt-2.19.so
7f4cbff86000-7f4cbff87000 rw-p 00007000 08:01 268270                     /lib/x86_64-linux-gnu/librt-2.19.so
7f4cbff87000-7f4cbff9d000 r-xp 00000000 08:01 264618                     /lib/x86_64-linux-gnu/libgcc_s.so.1
7f4cbff9d000-7f4cc019c000 ---p 00016000 08:01 264618                     /lib/x86_64-linux-gnu/libgcc_s.so.1
7f4cc019c000-7f4cc019d000 rw-p 00015000 08:01 264618                     /lib/x86_64-linux-gnu/libgcc_s.so.1
7f4cc019d000-7f4cc02a2000 r-xp 00000000 08:01 267249                     /lib/x86_64-linux-gnu/libm-2.19.so
7f4cc02a2000-7f4cc04a1000 ---p 00105000 08:01 267249                     /lib/x86_64-linux-gnu/libm-2.19.so
7f4cc04a1000-7f4cc04a2000 r--p 00104000 08:01 267249                     /lib/x86_64-linux-gnu/libm-2.19.so
7f4cc04a2000-7f4cc04a3000 rw-p 00105000 08:01 267249                     /lib/x86_64-linux-gnu/libm-2.19.so
7f4cc04a3000-7f4cc0589000 r-xp 00000000 08:01 525183                     /usr/lib/x86_64-linux-gnu/libstdc++.so.6.0.19
7f4cc0589000-7f4cc0788000 ---p 000e6000 08:01 525183                     /usr/lib/x86_64-linux-gnu/libstdc++.so.6.0.19
7f4cc0788000-7f4cc0790000 r--p 000e5000 08:01 525183                     /usr/lib/x86_64-linux-gnu/libstdc++.so.6.0.19
7f4cc0790000-7f4cc0792000 rw-p 000ed000 08:01 525183                     /usr/lib/x86_64-linux-gnu/libstdc++.so.6.0.19
7f4cc0792000-7f4cc07a7000 rw-p 00000000 00:00 0 
7f4cc07a7000-7f4cc1395000 r-xp 00000000 08:01 803481                     /usr/lib/jvm/java-8-openjdk-amd64/jre/lib/amd64/server/libjvm.so
7f4cc1395000-7f4cc1595000 ---p 00bee000 08:01 803481                     /usr/lib/jvm/java-8-openjdk-amd64/jre/lib/amd64/server/libjvm.so
7f4cc1595000-7f4cc1633000 r--p 00bee000 08:01 803481                     /usr/lib/jvm/java-8-openjdk-amd64/jre/lib/amd64/server/libjvm.so
7f4cc1633000-7f4cc165c000 rw-p 00c8c000 08:01 803481                     /usr/lib/jvm/java-8-openjdk-amd64/jre/lib/amd64/server/libjvm.so
7f4cc165c000-7f4cc168e000 rw-p 00000000 00:00 0 
7f4cc168e000-7f4cc16a7000 r-xp 00000000 08:01 268178                     /lib/x86_64-linux-gnu/libpthread-2.19.so
7f4cc16a7000-7f4cc18a6000 ---p 00019000 08:01 268178                     /lib/x86_64-linux-gnu/libpthread-2.19.so
7f4cc18a6000-7f4cc18a7000 r--p 00018000 08:01 268178                     /lib/x86_64-linux-gnu/libpthread-2.19.so
7f4cc18a7000-7f4cc18a8000 rw-p 00019000 08:01 268178                     /lib/x86_64-linux-gnu/libpthread-2.19.so
7f4cc18a8000-7f4cc18ac000 rw-p 00000000 00:00 0 
7f4cc18ac000-7f4cc18af000 r-xp 00000000 08:01 268158                     /lib/x86_64-linux-gnu/libdl-2.19.so
7f4cc18af000-7f4cc1aae000 ---p 00003000 08:01 268158                     /lib/x86_64-linux-gnu/libdl-2.19.so
7f4cc1aae000-7f4cc1aaf000 r--p 00002000 08:01 268158                     /lib/x86_64-linux-gnu/libdl-2.19.so
7f4cc1aaf000-7f4cc1ab0000 rw-p 00003000 08:01 268158                     /lib/x86_64-linux-gnu/libdl-2.19.so
7f4cc1ab0000-7f4cc1ac8000 r-xp 00000000 08:01 266241                     /lib/x86_64-linux-gnu/libz.so.1.2.8
7f4cc1ac8000-7f4cc1cc7000 ---p 00018000 08:01 266241                     /lib/x86_64-linux-gnu/libz.so.1.2.8
7f4cc1cc7000-7f4cc1cc8000 r--p 00017000 08:01 266241                     /lib/x86_64-linux-gnu/libz.so.1.2.8
7f4cc1cc8000-7f4cc1cc9000 rw-p 00018000 08:01 266241                     /lib/x86_64-linux-gnu/libz.so.1.2.8
7f4cc1cc9000-7f4cc1e83000 r-xp 00000000 08:01 268275                     /lib/x86_64-linux-gnu/libc-2.19.so
7f4cc1e83000-7f4cc2083000 ---p 001ba000 08:01 268275                     /lib/x86_64-linux-gnu/libc-2.19.so
7f4cc2083000-7f4cc2087000 r--p 001ba000 08:01 268275                     /lib/x86_64-linux-gnu/libc-2.19.so
7f4cc2087000-7f4cc2089000 rw-p 001be000 08:01 268275                     /lib/x86_64-linux-gnu/libc-2.19.so
7f4cc2089000-7f4cc208e000 rw-p 00000000 00:00 0 
7f4cc208e000-7f4cc209b000 r-xp 00000000 08:01 803497                     /usr/lib/jvm/java-8-openjdk-amd64/jre/lib/amd64/jli/libjli.so
7f4cc209b000-7f4cc229b000 ---p 0000d000 08:01 803497                     /usr/lib/jvm/java-8-openjdk-amd64/jre/lib/amd64/jli/libjli.so
7f4cc229b000-7f4cc229c000 r--p 0000d000 08:01 803497                     /usr/lib/jvm/java-8-openjdk-amd64/jre/lib/amd64/jli/libjli.so
7f4cc229c000-7f4cc229d000 rw-p 0000e000 08:01 803497                     /usr/lib/jvm/java-8-openjdk-amd64/jre/lib/amd64/jli/libjli.so
7f4cc229d000-7f4cc22c0000 r-xp 00000000 08:01 268233                     /lib/x86_64-linux-gnu/ld-2.19.so
7f4cc22c0000-7f4cc22c3000 r--s 0000f000 08:01 803534                     /usr/lib/jvm/java-8-openjdk-amd64/jre/lib/ext/icedtea-sound.jar
7f4cc22c3000-7f4cc22c4000 r--s 0000a000 08:01 803531                     /usr/lib/jvm/java-8-openjdk-amd64/jre/lib/ext/jaccess.jar
7f4cc22c4000-7f4cc2389000 rw-p 00000000 00:00 0 
7f4cc2389000-7f4cc238c000 ---p 00000000 00:00 0 
7f4cc238c000-7f4cc248f000 rw-p 00000000 00:00 0                          [stack:8231]
7f4cc248f000-7f4cc2490000 r--s 00008000 08:01 803530                     /usr/lib/jvm/java-8-openjdk-amd64/jre/lib/ext/sunec.jar
7f4cc2490000-7f4cc2492000 r--s 00006000 08:01 799074                     /usr/share/java/java-atk-wrapper.jar
7f4cc2492000-7f4cc2493000 r--s 00010000 08:01 803532                     /usr/lib/jvm/java-8-openjdk-amd64/jre/lib/ext/zipfs.jar
7f4cc2493000-7f4cc249d000 r--s 00116000 08:01 803535                     /usr/lib/jvm/java-8-openjdk-amd64/jre/lib/ext/localedata.jar
7f4cc249d000-7f4cc249f000 r--s 00001000 08:01 803528                     /usr/lib/jvm/java-8-openjdk-amd64/jre/lib/ext/dnsns.jar
7f4cc249f000-7f4cc24b3000 rw-p 00000000 00:00 0 
7f4cc24b3000-7f4cc24bb000 rw-s 00000000 08:01 1307080                    /tmp/hsperfdata_root/8230
7f4cc24bb000-7f4cc24bc000 rw-p 00000000 00:00 0 
7f4cc24bc000-7f4cc24bd000 ---p 00000000 00:00 0 
7f4cc24bd000-7f4cc24bf000 rw-p 00000000 00:00 0 
7f4cc24bf000-7f4cc24c0000 r--p 00022000 08:01 268233                     /lib/x86_64-linux-gnu/ld-2.19.so
7f4cc24c0000-7f4cc24c1000 rw-p 00023000 08:01 268233                     /lib/x86_64-linux-gnu/ld-2.19.so
7f4cc24c1000-7f4cc24c2000 rw-p 00000000 00:00 0 
7ffdbaf93000-7ffdbafb4000 rw-p 00000000 00:00 0                          [stack]
7ffdbafb6000-7ffdbafb8000 r-xp 00000000 00:00 0                          [vdso]
7ffdbafb8000-7ffdbafba000 r--p 00000000 00:00 0                          [vvar]
ffffffffff600000-ffffffffff601000 r-xp 00000000 00:00 0                  [vsyscall]

VM Arguments:
jvm_args: -XX:MaxPermSize=256m -XX:+HeapDumpOnOutOfMemoryError -Xmx1024m -Dfile.encoding=UTF-8 -Duser.country=GB -Duser.language=en -Duser.variant 
java_command: org.gradle.launcher.daemon.bootstrap.GradleDaemon 2.2.1 /root/.gradle/daemon 10800000 5bc0c74f-9bed-41e8-9935-80978bd23f4b -XX:MaxPermSize=256m -XX:+HeapDumpOnOutOfMemoryError -Xmx1024m -Dfile.encoding=UTF-8 -Duser.country=GB -Duser.language=en -Duser.variant
java_class_path (initial): /root/.gradle/wrapper/dists/gradle-2.2.1-all/2m8005s69iu8v0oiejfej094b/gradle-2.2.1/lib/gradle-launcher-2.2.1.jar
Launcher Type: SUN_STANDARD

Environment Variables:
JAVA_HOME=/usr/lib/jvm/java-8-openjdk-amd64
PATH=/usr/local/sbin:/usr/local/bin:/usr/sbin:/usr/bin:/sbin:/bin:/usr/games:/usr/local/games:/home/kapya/Android/Sdk/tools
USERNAME=root
SHELL=/bin/bash
DISPLAY=:0

Signal Handlers:
SIGSEGV: [libjvm.so+0x9f6230], sa_mask[0]=11111111011111111101111111111110, sa_flags=SA_RESTART|SA_SIGINFO
SIGBUS: [libjvm.so+0x9f6230], sa_mask[0]=11111111011111111101111111111110, sa_flags=SA_RESTART|SA_SIGINFO
SIGFPE: [libjvm.so+0x856c80], sa_mask[0]=11111111011111111101111111111110, sa_flags=SA_RESTART|SA_SIGINFO
SIGPIPE: [libjvm.so+0x856c80], sa_mask[0]=11111111011111111101111111111110, sa_flags=SA_RESTART|SA_SIGINFO
SIGXFSZ: [libjvm.so+0x856c80], sa_mask[0]=11111111011111111101111111111110, sa_flags=SA_RESTART|SA_SIGINFO
SIGILL: [libjvm.so+0x856c80], sa_mask[0]=11111111011111111101111111111110, sa_flags=SA_RESTART|SA_SIGINFO
SIGUSR1: SIG_DFL, sa_mask[0]=00000000000000000000000000000000, sa_flags=none
SIGUSR2: [libjvm.so+0x856b50], sa_mask[0]=00100000000000000000000000000000, sa_flags=SA_RESTART|SA_SIGINFO
SIGHUP: [libjvm.so+0x856d40], sa_mask[0]=11111111011111111101111111111110, sa_flags=SA_RESTART|SA_SIGINFO
SIGINT: [libjvm.so+0x856d40], sa_mask[0]=11111111011111111101111111111110, sa_flags=SA_RESTART|SA_SIGINFO
SIGTERM: [libjvm.so+0x856d40], sa_mask[0]=11111111011111111101111111111110, sa_flags=SA_RESTART|SA_SIGINFO
SIGQUIT: [libjvm.so+0x856d40], sa_mask[0]=11111111011111111101111111111110, sa_flags=SA_RESTART|SA_SIGINFO


---------------  S Y S T E M  ---------------

OS:DISTRIB_ID=LinuxMint
DISTRIB_RELEASE=17.3
DISTRIB_CODENAME=rosa
DISTRIB_DESCRIPTION="Linux Mint 17.3 Rosa"

uname:Linux 3.16.0-38-generic #52~14.04.1-Ubuntu SMP Fri May 8 09:43:57 UTC 2015 x86_64
libc:glibc 2.19 NPTL 2.19 
rlimit: STACK 8192k, CORE 0k, NPROC 23486, NOFILE 4096, AS infinity
load average:4.89 3.58 3.20

/proc/meminfo:
MemTotal:        6043800 kB
MemFree:          327860 kB
MemAvailable:     497856 kB
Buffers:           14824 kB
Cached:           525540 kB
SwapCached:       125136 kB
Active:          1992952 kB
Inactive:        1115168 kB
Active(anon):    1815672 kB
Inactive(anon):   995072 kB
Active(file):     177280 kB
Inactive(file):   120096 kB
Unevictable:         220 kB
Mlocked:             220 kB
SwapTotal:       5369852 kB
SwapFree:        4316216 kB
Dirty:               324 kB
Writeback:             0 kB
AnonPages:       2552956 kB
Mapped:          2511472 kB
Shmem:            242692 kB
Slab:             138104 kB
SReclaimable:      83092 kB
SUnreclaim:        55012 kB
KernelStack:       10368 kB
PageTables:        47528 kB
NFS_Unstable:          0 kB
Bounce:                0 kB
WritebackTmp:          0 kB
CommitLimit:     8391752 kB
Committed_AS:   10440136 kB
VmallocTotal:   34359738367 kB
VmallocUsed:      298412 kB
VmallocChunk:   34359431168 kB
HardwareCorrupted:     0 kB
AnonHugePages:    194560 kB
HugePages_Total:       0
HugePages_Free:        0
HugePages_Rsvd:        0
HugePages_Surp:        0
Hugepagesize:       2048 kB
DirectMap4k:      117760 kB
DirectMap2M:     6105088 kB


CPU:total 2 (2 cores per cpu, 1 threads per core) family 6 model 23 stepping 10, cmov, cx8, fxsr, mmx, sse, sse2, sse3, ssse3, tsc

/proc/cpuinfo:
processor	: 0
vendor_id	: GenuineIntel
cpu family	: 6
model		: 23
model name	: Pentium(R) Dual-Core CPU       T4500  @ 2.30GHz
stepping	: 10
microcode	: 0xa07
cpu MHz		: 2294.291
cache size	: 1024 KB
physical id	: 0
siblings	: 2
core id		: 0
cpu cores	: 2
apicid		: 0
initial apicid	: 0
fpu		: yes
fpu_exception	: yes
cpuid level	: 13
wp		: yes
flags		: fpu vme de pse tsc msr pae mce cx8 apic sep mtrr pge mca cmov pat pse36 clflush dts acpi mmx fxsr sse sse2 ss ht tm pbe syscall nx lm constant_tsc arch_perfmon pebs bts rep_good nopl aperfmperf pni dtes64 monitor ds_cpl est tm2 ssse3 cx16 xtpr pdcm xsave lahf_lm dtherm
bogomips	: 4588.58
clflush size	: 64
cache_alignment	: 64
address sizes	: 36 bits physical, 48 bits virtual
power management:

processor	: 1
vendor_id	: GenuineIntel
cpu family	: 6
model		: 23
model name	: Pentium(R) Dual-Core CPU       T4500  @ 2.30GHz
stepping	: 10
microcode	: 0xa07
cpu MHz		: 2294.291
cache size	: 1024 KB
physical id	: 0
siblings	: 2
core id		: 1
cpu cores	: 2
apicid		: 1
initial apicid	: 1
fpu		: yes
fpu_exception	: yes
cpuid level	: 13
wp		: yes
flags		: fpu vme de pse tsc msr pae mce cx8 apic sep mtrr pge mca cmov pat pse36 clflush dts acpi mmx fxsr sse sse2 ss ht tm pbe syscall nx lm constant_tsc arch_perfmon pebs bts rep_good nopl aperfmperf pni dtes64 monitor ds_cpl est tm2 ssse3 cx16 xtpr pdcm xsave lahf_lm dtherm
bogomips	: 4588.58
clflush size	: 64
cache_alignment	: 64
address sizes	: 36 bits physical, 48 bits virtual
power management:



Memory: 4k page, physical 6043800k(327860k free), swap 5369852k(4316216k free)

vm_info: OpenJDK 64-Bit Server VM (25.91-b14) for linux-amd64 JRE (1.8.0_91-8u91-b14-0ubuntu4~14.04-b14), built on Apr 22 2016 12:27:31 by "buildd" with gcc 4.8.2

time: Mon Jun 27 19:32:56 2016
elapsed time: 6098 seconds (0d 1h 41m 38s)

