0 info it worked if it ends with ok
1 verbose cli [ '/usr/local/bin/node',
1 verbose cli   '/usr/local/bin/npm',
1 verbose cli   'install',
1 verbose cli   '-g',
1 verbose cli   'ionic' ]
2 info using npm@3.8.6
3 info using node@v5.10.0
4 silly loadCurrentTree Starting
5 silly install loadCurrentTree
6 silly install readGlobalPackageData
7 silly fetchPackageMetaData ionic
8 silly fetchNamedPackageData ionic
9 silly mapToRegistry name ionic
10 silly mapToRegistry using default registry
11 silly mapToRegistry registry https://registry.npmjs.org/
12 silly mapToRegistry data Result {
12 silly mapToRegistry   raw: 'ionic',
12 silly mapToRegistry   scope: null,
12 silly mapToRegistry   name: 'ionic',
12 silly mapToRegistry   rawSpec: '',
12 silly mapToRegistry   spec: 'latest',
12 silly mapToRegistry   type: 'tag' }
13 silly mapToRegistry uri https://registry.npmjs.org/ionic
14 verbose request uri https://registry.npmjs.org/ionic
15 verbose request no auth needed
16 info attempt registry request try #1 at 1:53:21 PM
17 verbose request id 15d62b12b3f8b319
18 verbose etag "50OWXNJR23DNSNBF5G6YB4ZET"
19 http request GET https://registry.npmjs.org/ionic
20 info retry will retry, error on last attempt: Error: getaddrinfo ENOTFOUND registry.npmjs.org registry.npmjs.org:443
21 info attempt registry request try #2 at 1:53:56 PM
22 verbose etag "50OWXNJR23DNSNBF5G6YB4ZET"
23 http request GET https://registry.npmjs.org/ionic
24 http 304 https://registry.npmjs.org/ionic
25 verbose headers { date: 'Tue, 24 May 2016 11:54:03 GMT',
25 verbose headers   via: '1.1 varnish',
25 verbose headers   'cache-control': 'max-age=300',
25 verbose headers   etag: '"50OWXNJR23DNSNBF5G6YB4ZET"',
25 verbose headers   age: '19',
25 verbose headers   connection: 'keep-alive',
25 verbose headers   'x-served-by': 'cache-fra1230-FRA',
25 verbose headers   'x-cache': 'HIT',
25 verbose headers   'x-cache-hits': '1',
25 verbose headers   'x-timer': 'S1464090843.628225,VS0,VE0',
25 verbose headers   vary: 'Accept-Encoding' }
26 silly get cb [ 304,
26 silly get   { date: 'Tue, 24 May 2016 11:54:03 GMT',
26 silly get     via: '1.1 varnish',
26 silly get     'cache-control': 'max-age=300',
26 silly get     etag: '"50OWXNJR23DNSNBF5G6YB4ZET"',
26 silly get     age: '19',
26 silly get     connection: 'keep-alive',
26 silly get     'x-served-by': 'cache-fra1230-FRA',
26 silly get     'x-cache': 'HIT',
26 silly get     'x-cache-hits': '1',
26 silly get     'x-timer': 'S1464090843.628225,VS0,VE0',
26 silly get     vary: 'Accept-Encoding' } ]
27 verbose etag https://registry.npmjs.org/ionic from cache
28 verbose get saving ionic to /home/kapya/.npm/registry.npmjs.org/ionic/.cache.json
29 verbose correctMkdir /home/kapya/.npm correctMkdir not in flight; initializing
30 silly install normalizeTree
31 silly loadCurrentTree Finishing
32 silly loadIdealTree Starting
33 silly install loadIdealTree
34 silly cloneCurrentTree Starting
35 silly install cloneCurrentTreeToIdealTree
36 silly cloneCurrentTree Finishing
37 silly loadShrinkwrap Starting
38 silly install loadShrinkwrap
39 silly loadShrinkwrap Finishing
40 silly loadAllDepsIntoIdealTree Starting
41 silly install loadAllDepsIntoIdealTree
42 silly resolveWithNewModule ionic@1.7.15 checking installable status
43 silly cache add args [ 'ionic', null ]
44 verbose cache add spec ionic
45 silly cache add parsed spec Result {
45 silly cache add   raw: 'ionic',
45 silly cache add   scope: null,
45 silly cache add   name: 'ionic',
45 silly cache add   rawSpec: '',
45 silly cache add   spec: 'latest',
45 silly cache add   type: 'tag' }
46 silly addNamed ionic@latest
47 verbose addNamed "latest" is being treated as a dist-tag for ionic
48 info addNameTag [ 'ionic', 'latest' ]
49 silly mapToRegistry name ionic
50 silly mapToRegistry using default registry
51 silly mapToRegistry registry https://registry.npmjs.org/
52 silly mapToRegistry data Result {
52 silly mapToRegistry   raw: 'ionic',
52 silly mapToRegistry   scope: null,
52 silly mapToRegistry   name: 'ionic',
52 silly mapToRegistry   rawSpec: '',
52 silly mapToRegistry   spec: 'latest',
52 silly mapToRegistry   type: 'tag' }
53 silly mapToRegistry uri https://registry.npmjs.org/ionic
54 verbose addNameTag registry:https://registry.npmjs.org/ionic not in flight; fetching
55 verbose get https://registry.npmjs.org/ionic not expired, no request
56 silly addNameTag next cb for ionic with tag latest
57 silly addNamed ionic@1.7.15
58 verbose addNamed "1.7.15" is a plain semver version for ionic
59 silly mapToRegistry name ionic
60 silly mapToRegistry using default registry
61 silly mapToRegistry registry https://registry.npmjs.org/
62 silly mapToRegistry data Result {
62 silly mapToRegistry   raw: 'ionic',
62 silly mapToRegistry   scope: null,
62 silly mapToRegistry   name: 'ionic',
62 silly mapToRegistry   rawSpec: '',
62 silly mapToRegistry   spec: 'latest',
62 silly mapToRegistry   type: 'tag' }
63 silly mapToRegistry uri https://registry.npmjs.org/ionic
64 verbose addRemoteTarball https://registry.npmjs.org/ionic/-/ionic-1.7.15.tgz not in flight; adding
65 verbose addRemoteTarball [ 'https://registry.npmjs.org/ionic/-/ionic-1.7.15.tgz',
65 verbose addRemoteTarball   'fe83a72a60d03d667d0f3bb47a4210f57356c322' ]
66 info retry fetch attempt 1 at 1:54:12 PM
67 info attempt registry request try #1 at 1:54:12 PM
68 http fetch GET https://registry.npmjs.org/ionic/-/ionic-1.7.15.tgz
69 http fetch 200 https://registry.npmjs.org/ionic/-/ionic-1.7.15.tgz
70 info retry will retry, error on last attempt: Error: read ETIMEDOUT
71 info retry will retry, error on last attempt: Error: read ETIMEDOUT
72 silly fetchAndShaCheck shasum fe83a72a60d03d667d0f3bb47a4210f57356c322
73 silly rollbackFailedOptional Starting
74 silly rollbackFailedOptional Finishing
75 silly runTopLevelLifecycles Starting
76 silly runTopLevelLifecycles Finishing
77 silly install printInstalled
78 verbose stack Error: shasum check failed for /tmp/npm-6929-cd5f64e2/registry.npmjs.org/ionic/-/ionic-1.7.15.tgz
78 verbose stack Expected: fe83a72a60d03d667d0f3bb47a4210f57356c322
78 verbose stack Actual:   dda00c4d965a2fd1b0e6e1464494c60ee67d6167
78 verbose stack From:     https://registry.npmjs.org/ionic/-/ionic-1.7.15.tgz
78 verbose stack     at /usr/local/lib/node_modules/npm/node_modules/sha/index.js:25:8
78 verbose stack     at ReadStream.<anonymous> (/usr/local/lib/node_modules/npm/node_modules/sha/index.js:72:7)
78 verbose stack     at emitNone (events.js:85:20)
78 verbose stack     at ReadStream.emit (events.js:179:7)
78 verbose stack     at endReadableNT (_stream_readable.js:913:12)
78 verbose stack     at _combinedTickCallback (internal/process/next_tick.js:74:11)
78 verbose stack     at process._tickCallback (internal/process/next_tick.js:98:9)
79 verbose cwd /home/kapya/Workspace/edulution/portalapp
80 error Linux 3.16.0-38-generic
81 error argv "/usr/local/bin/node" "/usr/local/bin/npm" "install" "-g" "ionic"
82 error node v5.10.0
83 error npm  v3.8.6
84 error shasum check failed for /tmp/npm-6929-cd5f64e2/registry.npmjs.org/ionic/-/ionic-1.7.15.tgz
84 error Expected: fe83a72a60d03d667d0f3bb47a4210f57356c322
84 error Actual:   dda00c4d965a2fd1b0e6e1464494c60ee67d6167
84 error From:     https://registry.npmjs.org/ionic/-/ionic-1.7.15.tgz
85 error If you need help, you may report this error at:
85 error     <https://github.com/npm/npm/issues>
86 verbose exit [ 1, true ]
